#
# There is insufficient memory for the Java Runtime Environment to continue.
# Native memory allocation (malloc) failed to allocate 1041776 bytes for Chunk::new
# Possible reasons:
#   The system is out of physical RAM or swap space
#   In 32 bit mode, the process size limit was hit
# Possible solutions:
#   Reduce memory load on the system
#   Increase physical memory or swap space
#   Check if swap backing store is full
#   Use 64 bit Java on a 64 bit OS
#   Decrease Java heap size (-Xmx/-Xms)
#   Decrease number of Java threads
#   Decrease Java thread stack sizes (-Xss)
#   Set larger code cache with -XX:ReservedCodeCacheSize=
# This output file may be truncated or incomplete.
#
#  Out of Memory Error (allocation.cpp:390), pid=12548, tid=0x0000000000002a8c
#
# JRE version: OpenJDK Runtime Environment (8.0_152-b01) (build 1.8.0_152-release-915-b01)
# Java VM: OpenJDK 64-Bit Server VM (25.152-b01 mixed mode windows-amd64 compressed oops)
# Failed to write core dump. Minidumps are not enabled by default on client versions of Windows
#

---------------  T H R E A D  ---------------

Current thread (0x00000000166fd000):  JavaThread "C2 CompilerThread0" daemon [_thread_in_native, id=10892, stack(0x0000000018230000,0x0000000018330000)]

Stack: [0x0000000018230000,0x0000000018330000]
[error occurred during error reporting (printing stack bounds), id 0xc0000005]

Native frames: (J=compiled Java code, j=interpreted, Vv=VM code, C=native code)


Current CompileTask:
C2:  14060 8677   !   4       java.io.ObjectOutputStream::writeObject0 (619 bytes)


---------------  P R O C E S S  ---------------

Java Threads: ( => current thread )
  0x000000001c8a3000 JavaThread "Memory manager" [_thread_blocked, id=10784, stack(0x0000000021040000,0x0000000021140000)]
  0x000000001c8a2800 JavaThread "build operations Thread 4" [_thread_blocked, id=9916, stack(0x000000001b820000,0x000000001b920000)]
  0x000000001c8a1800 JavaThread "build operations Thread 3" [_thread_blocked, id=10504, stack(0x00000000208a0000,0x00000000209a0000)]
  0x000000001c8a1000 JavaThread "build operations Thread 2" [_thread_blocked, id=11620, stack(0x000000001c3a0000,0x000000001c4a0000)]
  0x000000001c8a0000 JavaThread "build operations" [_thread_blocked, id=5000, stack(0x0000000020400000,0x0000000020500000)]
  0x000000001c89d800 JavaThread "Cache worker for Artifact transforms cache (D:\Users\fqzhang\.gradle\caches\transforms-1)" [_thread_blocked, id=8120, stack(0x000000001d7c0000,0x000000001d8c0000)]
  0x0000000019dbf000 JavaThread "Cache worker for file hash cache (D:\Users\fqzhang\Desktop\AndroidKnowledge\.gradle\4.1\fileHashes)" [_thread_blocked, id=10728, stack(0x000000001c4b0000,0x000000001c5b0000)]
  0x000000001a11d800 JavaThread "File lock request listener" [_thread_in_native, id=11584, stack(0x000000001ba30000,0x000000001bb30000)]
  0x00000000199bd800 JavaThread "Cache worker for file hash cache (D:\Users\fqzhang\.gradle\caches\4.1\fileHashes)" [_thread_blocked, id=4664, stack(0x000000001c290000,0x000000001c390000)]
  0x0000000019cf4800 JavaThread "Stdin handler" [_thread_blocked, id=12692, stack(0x000000001be80000,0x000000001bf80000)]
  0x0000000019ced000 JavaThread "Asynchronous log dispatcher for DefaultDaemonConnection: socket connection from /127.0.0.1:64108 to /127.0.0.1:64109" [_thread_blocked, id=880, stack(0x000000001bd80000,0x000000001be80000)]
  0x0000000019ce9800 JavaThread "Daemon worker" [_thread_blocked, id=10192, stack(0x000000001bbc0000,0x000000001bcc0000)]
  0x00000000196d6800 JavaThread "Cancel handler" [_thread_blocked, id=13072, stack(0x000000001b930000,0x000000001ba30000)]
  0x000000001a0b6800 JavaThread "Handler for socket connection from /127.0.0.1:64108 to /127.0.0.1:64109" [_thread_in_native, id=11132, stack(0x000000001b520000,0x000000001b620000)]
  0x000000001a0ab800 JavaThread "Daemon" [_thread_blocked, id=12836, stack(0x0000000018350000,0x0000000018450000)]
  0x0000000019c19000 JavaThread "Daemon periodic checks" [_thread_blocked, id=10704, stack(0x000000001b3d0000,0x000000001b4d0000)]
  0x0000000019d11800 JavaThread "Incoming local TCP Connector on port 64108" [_thread_in_native, id=11448, stack(0x000000001b2c0000,0x000000001b3c0000)]
  0x0000000017b26000 JavaThread "Service Thread" daemon [_thread_blocked, id=7540, stack(0x0000000018610000,0x0000000018710000)]
  0x0000000017aaf000 JavaThread "C1 CompilerThread2" daemon [_thread_blocked, id=6628, stack(0x00000000174d0000,0x00000000175d0000)]
  0x0000000017aae000 JavaThread "C2 CompilerThread1" daemon [_thread_in_native, id=10436, stack(0x0000000018470000,0x0000000018570000)]
=>0x00000000166fd000 JavaThread "C2 CompilerThread0" daemon [_thread_in_native, id=10892, stack(0x0000000018230000,0x0000000018330000)]
  0x0000000017a9a800 JavaThread "Attach Listener" daemon [_thread_blocked, id=3228, stack(0x0000000018120000,0x0000000018220000)]
  0x00000000166ec800 JavaThread "Signal Dispatcher" daemon [_thread_blocked, id=10632, stack(0x0000000017f60000,0x0000000018060000)]
  0x00000000166d8000 JavaThread "Finalizer" daemon [_thread_blocked, id=10472, stack(0x0000000017990000,0x0000000017a90000)]
  0x0000000016691000 JavaThread "Reference Handler" daemon [_thread_blocked, id=11556, stack(0x0000000017780000,0x0000000017880000)]
  0x00000000025d8000 JavaThread "main" [_thread_blocked, id=13252, stack(0x0000000002a60000,0x0000000002b60000)]

Other Threads:
  0x0000000016689800 VMThread [stack: 0x0000000017600000,0x0000000017700000] [id=10136]
  0x0000000017b2d800 WatcherThread [stack: 0x0000000018810000,0x0000000018910000] [id=9908]

VM state:at safepoint (normal execution)

VM Mutex/Monitor currently owned by a thread:  ([mutex/lock_event])
[0x000000000271d250] Threads_lock - owner thread: 0x0000000016689800
[0x000000000271d750] Heap_lock - owner thread: 0x0000000019ce9800

Heap:
 PSYoungGen      total 124416K, used 116560K [0x00000000e0000000, 0x00000000ed880000, 0x0000000100000000)
  eden space 117248K, 99% used [0x00000000e0000000,0x00000000e71d4160,0x00000000e7280000)
  from space 7168K, 0% used [0x00000000e8a80000,0x00000000e8a80000,0x00000000e9180000)
  to   space 24576K, 3% used [0x00000000e7280000,0x00000000e7340000,0x00000000e8a80000)
 ParOldGen       total 188416K, used 56328K [0x00000000a0000000, 0x00000000ab800000, 0x00000000e0000000)
  object space 188416K, 29% used [0x00000000a0000000,0x00000000a3702210,0x00000000ab800000)
 Metaspace       used 62224K, capacity 64894K, committed 64984K, reserved 1107968K
  class space    used 8466K, capacity 9146K, committed 9216K, reserved 1048576K

Card table byte_map: [0x0000000011f20000,0x0000000012230000] byte_map_base: 0x0000000011a20000

Marking Bits: (ParMarkBitMap*) 0x000000006be13950
 Begin Bits: [0x0000000012a00000, 0x0000000014200000)
 End Bits:   [0x0000000014200000, 0x0000000015a00000)

Polling page: 0x0000000000240000

CodeCache: size=245760Kb used=24050Kb max_used=24050Kb free=221709Kb
 bounds [0x0000000002b60000, 0x0000000004300000, 0x0000000011b60000]
 total_blobs=8371 nmethods=7584 adapters=697
 compilation: enabled

Compilation events (10 events):
Event: 14.037 Thread 0x0000000017aaf000 8693       3       java.security.PermissionCollection::<init> (5 bytes)
Event: 14.037 Thread 0x0000000017aaf000 nmethod 8693 0x00000000042f5d90 code [0x00000000042f5ee0, 0x00000000042f6090]
Event: 14.043 Thread 0x0000000017aaf000 8694       3       kotlin.reflect.jvm.internal.pcollections.IntTree::<init> (44 bytes)
Event: 14.043 Thread 0x0000000017aaf000 nmethod 8694 0x00000000042f6150 code [0x00000000042f62c0, 0x00000000042f64d0]
Event: 14.056 Thread 0x0000000017aaf000 8695   !   3       java.util.concurrent.CopyOnWriteArrayList::add (59 bytes)
Event: 14.056 Thread 0x0000000017aaf000 nmethod 8695 0x00000000042f6610 code [0x00000000042f67e0, 0x00000000042f72b8]
Event: 14.056 Thread 0x0000000017aaf000 8696       3       org.gradle.internal.concurrent.CompositeStoppable::toStoppable (37 bytes)
Event: 14.056 Thread 0x0000000017aaf000 nmethod 8696 0x00000000042f77d0 code [0x00000000042f7960, 0x00000000042f8070]
Event: 14.056 Thread 0x0000000017aaf000 8697       3       java.util.concurrent.CopyOnWriteArrayList$COWIterator::next (32 bytes)
Event: 14.057 Thread 0x0000000017aaf000 nmethod 8697 0x00000000042f81d0 code [0x00000000042f8360, 0x00000000042f8708]

GC Heap History (10 events):
Event: 8.023 GC heap after
Heap after GC invocations=9 (full 2):
 PSYoungGen      total 131584K, used 10751K [0x00000000e0000000, 0x00000000e9180000, 0x0000000100000000)
  eden space 120832K, 0% used [0x00000000e0000000,0x00000000e0000000,0x00000000e7600000)
  from space 10752K, 99% used [0x00000000e7c80000,0x00000000e86ffe40,0x00000000e8700000)
  to   space 7168K, 0% used [0x00000000e8a80000,0x00000000e8a80000,0x00000000e9180000)
 ParOldGen       total 115712K, used 19350K [0x00000000a0000000, 0x00000000a7100000, 0x00000000e0000000)
  object space 115712K, 16% used [0x00000000a0000000,0x00000000a12e5a98,0x00000000a7100000)
 Metaspace       used 42772K, capacity 43842K, committed 43992K, reserved 1087488K
  class space    used 5694K, capacity 6055K, committed 6144K, reserved 1048576K
}
Event: 9.301 GC heap before
{Heap before GC invocations=10 (full 2):
 PSYoungGen      total 131584K, used 131583K [0x00000000e0000000, 0x00000000e9180000, 0x0000000100000000)
  eden space 120832K, 100% used [0x00000000e0000000,0x00000000e7600000,0x00000000e7600000)
  from space 10752K, 99% used [0x00000000e7c80000,0x00000000e86ffe40,0x00000000e8700000)
  to   space 7168K, 0% used [0x00000000e8a80000,0x00000000e8a80000,0x00000000e9180000)
 ParOldGen       total 115712K, used 19350K [0x00000000a0000000, 0x00000000a7100000, 0x00000000e0000000)
  object space 115712K, 16% used [0x00000000a0000000,0x00000000a12e5a98,0x00000000a7100000)
 Metaspace       used 50522K, capacity 52042K, committed 52184K, reserved 1093632K
  class space    used 6744K, capacity 7167K, committed 7168K, reserved 1048576K
Event: 9.336 GC heap after
Heap after GC invocations=10 (full 2):
 PSYoungGen      total 128000K, used 7165K [0x00000000e0000000, 0x00000000e9180000, 0x0000000100000000)
  eden space 120832K, 0% used [0x00000000e0000000,0x00000000e0000000,0x00000000e7600000)
  from space 7168K, 99% used [0x00000000e8a80000,0x00000000e917f4e0,0x00000000e9180000)
  to   space 10752K, 0% used [0x00000000e7c80000,0x00000000e7c80000,0x00000000e8700000)
 ParOldGen       total 115712K, used 28337K [0x00000000a0000000, 0x00000000a7100000, 0x00000000e0000000)
  object space 115712K, 24% used [0x00000000a0000000,0x00000000a1bac718,0x00000000a7100000)
 Metaspace       used 50522K, capacity 52042K, committed 52184K, reserved 1093632K
  class space    used 6744K, capacity 7167K, committed 7168K, reserved 1048576K
}
Event: 10.235 GC heap before
{Heap before GC invocations=11 (full 2):
 PSYoungGen      total 128000K, used 127997K [0x00000000e0000000, 0x00000000e9180000, 0x0000000100000000)
  eden space 120832K, 100% used [0x00000000e0000000,0x00000000e7600000,0x00000000e7600000)
  from space 7168K, 99% used [0x00000000e8a80000,0x00000000e917f4e0,0x00000000e9180000)
  to   space 10752K, 0% used [0x00000000e7c80000,0x00000000e7c80000,0x00000000e8700000)
 ParOldGen       total 115712K, used 28337K [0x00000000a0000000, 0x00000000a7100000, 0x00000000e0000000)
  object space 115712K, 24% used [0x00000000a0000000,0x00000000a1bac718,0x00000000a7100000)
 Metaspace       used 54810K, capacity 56700K, committed 56792K, reserved 1097728K
  class space    used 7412K, capacity 7873K, committed 7936K, reserved 1048576K
Event: 10.351 GC heap after
Heap after GC invocations=11 (full 2):
 PSYoungGen      total 131584K, used 10749K [0x00000000e0000000, 0x00000000e9180000, 0x0000000100000000)
  eden space 120832K, 0% used [0x00000000e0000000,0x00000000e0000000,0x00000000e7600000)
  from space 10752K, 99% used [0x00000000e7c80000,0x00000000e86ff4d0,0x00000000e8700000)
  to   space 7168K, 0% used [0x00000000e8a80000,0x00000000e8a80000,0x00000000e9180000)
 ParOldGen       total 115712K, used 38215K [0x00000000a0000000, 0x00000000a7100000, 0x00000000e0000000)
  object space 115712K, 33% used [0x00000000a0000000,0x00000000a2551da0,0x00000000a7100000)
 Metaspace       used 54810K, capacity 56700K, committed 56792K, reserved 1097728K
  class space    used 7412K, capacity 7873K, committed 7936K, reserved 1048576K
}
Event: 11.922 GC heap before
{Heap before GC invocations=12 (full 2):
 PSYoungGen      total 131584K, used 112106K [0x00000000e0000000, 0x00000000e9180000, 0x0000000100000000)
  eden space 120832K, 83% used [0x00000000e0000000,0x00000000e62fb648,0x00000000e7600000)
  from space 10752K, 99% used [0x00000000e7c80000,0x00000000e86ff4d0,0x00000000e8700000)
  to   space 7168K, 0% used [0x00000000e8a80000,0x00000000e8a80000,0x00000000e9180000)
 ParOldGen       total 115712K, used 38215K [0x00000000a0000000, 0x00000000a7100000, 0x00000000e0000000)
  object space 115712K, 33% used [0x00000000a0000000,0x00000000a2551da0,0x00000000a7100000)
 Metaspace       used 56741K, capacity 58912K, committed 58968K, reserved 1099776K
  class space    used 7734K, capacity 8278K, committed 8320K, reserved 1048576K
Event: 12.015 GC heap after
Heap after GC invocations=12 (full 2):
 PSYoungGen      total 124416K, used 7168K [0x00000000e0000000, 0x00000000ed880000, 0x0000000100000000)
  eden space 117248K, 0% used [0x00000000e0000000,0x00000000e0000000,0x00000000e7280000)
  from space 7168K, 100% used [0x00000000e8a80000,0x00000000e9180000,0x00000000e9180000)
  to   space 24576K, 0% used [0x00000000e7280000,0x00000000e7280000,0x00000000e8a80000)
 ParOldGen       total 115712K, used 54682K [0x00000000a0000000, 0x00000000a7100000, 0x00000000e0000000)
  object space 115712K, 47% used [0x00000000a0000000,0x00000000a3566ac0,0x00000000a7100000)
 Metaspace       used 56741K, capacity 58912K, committed 58968K, reserved 1099776K
  class space    used 7734K, capacity 8278K, committed 8320K, reserved 1048576K
}
Event: 12.015 GC heap before
{Heap before GC invocations=13 (full 3):
 PSYoungGen      total 124416K, used 7168K [0x00000000e0000000, 0x00000000ed880000, 0x0000000100000000)
  eden space 117248K, 0% used [0x00000000e0000000,0x00000000e0000000,0x00000000e7280000)
  from space 7168K, 100% used [0x00000000e8a80000,0x00000000e9180000,0x00000000e9180000)
  to   space 24576K, 0% used [0x00000000e7280000,0x00000000e7280000,0x00000000e8a80000)
 ParOldGen       total 115712K, used 54682K [0x00000000a0000000, 0x00000000a7100000, 0x00000000e0000000)
  object space 115712K, 47% used [0x00000000a0000000,0x00000000a3566ac0,0x00000000a7100000)
 Metaspace       used 56741K, capacity 58912K, committed 58968K, reserved 1099776K
  class space    used 7734K, capacity 8278K, committed 8320K, reserved 1048576K
Event: 12.380 GC heap after
Heap after GC invocations=13 (full 3):
 PSYoungGen      total 124416K, used 0K [0x00000000e0000000, 0x00000000ed880000, 0x0000000100000000)
  eden space 117248K, 0% used [0x00000000e0000000,0x00000000e0000000,0x00000000e7280000)
  from space 7168K, 0% used [0x00000000e8a80000,0x00000000e8a80000,0x00000000e9180000)
  to   space 24576K, 0% used [0x00000000e7280000,0x00000000e7280000,0x00000000e8a80000)
 ParOldGen       total 188416K, used 56328K [0x00000000a0000000, 0x00000000ab800000, 0x00000000e0000000)
  object space 188416K, 29% used [0x00000000a0000000,0x00000000a3702210,0x00000000ab800000)
 Metaspace       used 56741K, capacity 58912K, committed 58968K, reserved 1099776K
  class space    used 7734K, capacity 8278K, committed 8320K, reserved 1048576K
}
Event: 14.058 GC heap before
{Heap before GC invocations=14 (full 3):
 PSYoungGen      total 124416K, used 116560K [0x00000000e0000000, 0x00000000ed880000, 0x0000000100000000)
  eden space 117248K, 99% used [0x00000000e0000000,0x00000000e71d4160,0x00000000e7280000)
  from space 7168K, 0% used [0x00000000e8a80000,0x00000000e8a80000,0x00000000e9180000)
  to   space 24576K, 0% used [0x00000000e7280000,0x00000000e7280000,0x00000000e8a80000)
 ParOldGen       total 188416K, used 56328K [0x00000000a0000000, 0x00000000ab800000, 0x00000000e0000000)
  object space 188416K, 29% used [0x00000000a0000000,0x00000000a3702210,0x00000000ab800000)
 Metaspace       used 62224K, capacity 64894K, committed 64984K, reserved 1107968K
  class space    used 8466K, capacity 9146K, committed 9216K, reserved 1048576K

Deoptimization events (10 events):
Event: 13.907 Thread 0x0000000019ce9800 Uncommon trap: reason=unstable_if action=reinterpret pc=0x0000000003050720 method=java.io.ObjectStreamClass.getClassDataLayout()[Ljava/io/ObjectStreamClass$ClassDataSlot; @ 4
Event: 13.907 Thread 0x0000000019ce9800 Uncommon trap: reason=class_check action=maybe_recompile pc=0x0000000002dab284 method=java.io.ObjectOutputStream$BlockDataOutputStream.drain()V @ 36
Event: 13.907 Thread 0x0000000019ce9800 Uncommon trap: reason=class_check action=maybe_recompile pc=0x00000000041b0f04 method=java.io.ObjectOutputStream.writeNonProxyDesc(Ljava/io/ObjectStreamClass;Z)V @ 44
Event: 13.908 Thread 0x0000000019ce9800 Uncommon trap: reason=unstable_if action=reinterpret pc=0x00000000041b1fe4 method=java.io.ObjectOutputStream.writeClassDesc(Ljava/io/ObjectStreamClass;Z)V @ 41
Event: 13.908 Thread 0x0000000019ce9800 Uncommon trap: reason=unstable_if action=reinterpret pc=0x0000000003a22fb8 method=java.lang.reflect.Proxy.isProxyClass(Ljava/lang/Class;)Z @ 6
Event: 13.910 Thread 0x0000000019ce9800 Uncommon trap: reason=unstable_if action=reinterpret pc=0x00000000033768a0 method=java.io.ObjectOutputStream$HandleTable.assign(Ljava/lang/Object;)I @ 24
Event: 13.919 Thread 0x0000000019ce9800 Uncommon trap: reason=unstable_if action=reinterpret pc=0x000000000303c038 method=java.io.ObjectOutputStream$HandleTable.assign(Ljava/lang/Object;)I @ 24
Event: 13.940 Thread 0x0000000019ce9800 Uncommon trap: reason=unstable_if action=reinterpret pc=0x000000000429f4f8 method=java.io.ObjectStreamField.isPrimitive()Z @ 18
Event: 13.969 Thread 0x0000000019ce9800 Uncommon trap: reason=unstable_if action=reinterpret pc=0x0000000003564f1c method=java.io.ObjectOutputStream$BlockDataOutputStream.writeBytes(Ljava/lang/String;)V @ 22
Event: 13.969 Thread 0x0000000019ce9800 Uncommon trap: reason=unstable_if action=reinterpret pc=0x000000000385c43c method=java.io.ObjectOutputStream$BlockDataOutputStream.writeBytes(Ljava/lang/String;)V @ 22

Classes redefined (0 events):
No events

Internal exceptions (10 events):
Event: 11.871 Thread 0x0000000019ce9800 Exception <a 'java/lang/ClassNotFoundException': org/codehaus/groovy/runtime/HandleMetaClassCustomizer> (0x00000000e4eeb478) thrown at [D:\src\AOSP-openjdk-cygwin\jdk8u\hotspot\src\share\vm\classfile\systemDictionary.cpp, line 210]
Event: 11.872 Thread 0x0000000019ce9800 Exception <a 'java/lang/ClassNotFoundException': org/codehaus/groovy/reflection/CachedMethodBeanInfo> (0x00000000e4f322c8) thrown at [D:\src\AOSP-openjdk-cygwin\jdk8u\hotspot\src\share\vm\classfile\systemDictionary.cpp, line 210]
Event: 11.872 Thread 0x0000000019ce9800 Exception <a 'java/lang/ClassNotFoundException': groovy/lang/MetaMethodBeanInfo> (0x00000000e4f3f598) thrown at [D:\src\AOSP-openjdk-cygwin\jdk8u\hotspot\src\share\vm\classfile\systemDictionary.cpp, line 210]
Event: 11.872 Thread 0x0000000019ce9800 Exception <a 'java/lang/ClassNotFoundException': org/codehaus/groovy/reflection/ParameterTypesBeanInfo> (0x00000000e4f512e0) thrown at [D:\src\AOSP-openjdk-cygwin\jdk8u\hotspot\src\share\vm\classfile\systemDictionary.cpp, line 210]
Event: 11.873 Thread 0x0000000019ce9800 Exception <a 'java/lang/ClassNotFoundException': org/codehaus/groovy/reflection/ParameterTypesCustomizer> (0x00000000e4f633d8) thrown at [D:\src\AOSP-openjdk-cygwin\jdk8u\hotspot\src\share\vm\classfile\systemDictionary.cpp, line 210]
Event: 11.873 Thread 0x0000000019ce9800 Exception <a 'java/lang/ClassNotFoundException': groovy/lang/MetaMethodCustomizer> (0x00000000e4f793c8) thrown at [D:\src\AOSP-openjdk-cygwin\jdk8u\hotspot\src\share\vm\classfile\systemDictionary.cpp, line 210]
Event: 11.873 Thread 0x0000000019ce9800 Exception <a 'java/lang/ClassNotFoundException': org/codehaus/groovy/reflection/CachedMethodCustomizer> (0x00000000e4f9a498) thrown at [D:\src\AOSP-openjdk-cygwin\jdk8u\hotspot\src\share\vm\classfile\systemDictionary.cpp, line 210]
Event: 13.764 Thread 0x0000000019ce9800 Exception <a 'java/lang/NoSuchMethodError': java.lang.Object.lambda$negate$1(Ljava/lang/Object;)Z> (0x00000000e5ee31f8) thrown at [D:\src\AOSP-openjdk-cygwin\jdk8u\hotspot\src\share\vm\interpreter\linkResolver.cpp, line 584]
Event: 13.901 Thread 0x0000000019ce9800 Exception <a 'java/lang/ClassNotFoundException': java/util/CollectionsBeanInfo> (0x00000000e67c99c0) thrown at [D:\src\AOSP-openjdk-cygwin\jdk8u\hotspot\src\share\vm\classfile\systemDictionary.cpp, line 210]
Event: 13.902 Thread 0x0000000019ce9800 Exception <a 'java/lang/ClassNotFoundException': java/util/CollectionsCustomizer> (0x00000000e67d0378) thrown at [D:\src\AOSP-openjdk-cygwin\jdk8u\hotspot\src\share\vm\classfile\systemDictionary.cpp, line 210]

Events (10 events):
Event: 14.051 loading class kotlin/collections/ArraysKt done
Event: 14.051 loading class org/jetbrains/kotlin/load/java/JvmBytecodeBinaryVersion
Event: 14.051 loading class org/jetbrains/kotlin/load/java/JvmBytecodeBinaryVersion done
Event: 14.052 loading class org/jetbrains/kotlin/load/java/JvmBytecodeBinaryVersion$Companion
Event: 14.052 loading class org/jetbrains/kotlin/load/java/JvmBytecodeBinaryVersion$Companion done
Event: 14.056 loading class org/apache/tools/ant/IntrospectionHelper
Event: 14.056 loading class org/apache/tools/ant/IntrospectionHelper done
Event: 14.057 loading class org/apache/tools/ant/IntrospectionHelper$NestedCreator
Event: 14.057 loading class org/apache/tools/ant/IntrospectionHelper$NestedCreator done
Event: 14.057 Executing VM operation: CollectForMetadataAllocation


Dynamic libraries:
0x000000013f040000 - 0x000000013f071000 	C:\Program Files\Android\Android Studio3.0\jre\bin\java.exe
0x0000000077280000 - 0x000000007741f000 	C:\Windows\SYSTEM32\ntdll.dll
0x0000000077160000 - 0x000000007727f000 	C:\Windows\system32\kernel32.dll
0x000007fefda30000 - 0x000007fefda9a000 	C:\Windows\system32\KERNELBASE.dll
0x000007feff2c0000 - 0x000007feff39b000 	C:\Windows\system32\ADVAPI32.dll
0x000007fefdb20000 - 0x000007fefdbbf000 	C:\Windows\system32\msvcrt.dll
0x000007feff520000 - 0x000007feff53f000 	C:\Windows\SYSTEM32\sechost.dll
0x000007fefe080000 - 0x000007fefe1ad000 	C:\Windows\system32\RPCRT4.dll
0x0000000077060000 - 0x000000007715a000 	C:\Windows\system32\USER32.dll
0x000007fefe2a0000 - 0x000007fefe307000 	C:\Windows\system32\GDI32.dll
0x000007fefdda0000 - 0x000007fefddae000 	C:\Windows\system32\LPK.dll
0x000007fefddb0000 - 0x000007fefde7b000 	C:\Windows\system32\USP10.dll
0x000007fefbec0000 - 0x000007fefc0b4000 	C:\Windows\WinSxS\amd64_microsoft.windows.common-controls_6595b64144ccf1df_6.0.7601.17514_none_fa396087175ac9ac\COMCTL32.dll
0x000007fefe430000 - 0x000007fefe4a1000 	C:\Windows\system32\SHLWAPI.dll
0x000007fefd650000 - 0x000007fefd6a7000 	C:\Windows\system32\apphelp.dll
0x000007fefb180000 - 0x000007fefb1d1000 	C:\Windows\AppPatch\AppPatch64\AcGenral.DLL
0x000007fefd570000 - 0x000007fefd595000 	C:\Windows\system32\SspiCli.dll
0x000007fefde80000 - 0x000007fefe07d000 	C:\Windows\system32\ole32.dll
0x000007fefe4b0000 - 0x000007feff23b000 	C:\Windows\system32\SHELL32.dll
0x00000000727c0000 - 0x00000000727c3000 	C:\Windows\system32\sfc.dll
0x000007fef7ad0000 - 0x000007fef7ae0000 	C:\Windows\system32\sfc_os.DLL
0x000007fefca00000 - 0x000007fefca1e000 	C:\Windows\system32\USERENV.dll
0x000007fefd6d0000 - 0x000007fefd6df000 	C:\Windows\system32\profapi.dll
0x000007fefb390000 - 0x000007fefb3a8000 	C:\Windows\system32\dwmapi.dll
0x000007fefa920000 - 0x000007fefa938000 	C:\Windows\system32\MPR.dll
0x000007feff540000 - 0x000007feff56e000 	C:\Windows\system32\IMM32.DLL
0x000007fefe320000 - 0x000007fefe429000 	C:\Windows\system32\MSCTF.dll
0x0000000052ff0000 - 0x00000000530c2000 	C:\Program Files\Android\Android Studio3.0\jre\jre\bin\msvcr100.dll
0x000000006b650000 - 0x000000006be8e000 	C:\Program Files\Android\Android Studio3.0\jre\jre\bin\server\jvm.dll
0x000007fef8900000 - 0x000007fef8909000 	C:\Windows\system32\WSOCK32.dll
0x000007fefe1b0000 - 0x000007fefe1fd000 	C:\Windows\system32\WS2_32.dll
0x000007fefe310000 - 0x000007fefe318000 	C:\Windows\system32\NSI.dll
0x000007fefb700000 - 0x000007fefb73b000 	C:\Windows\system32\WINMM.dll
0x000007fefc810000 - 0x000007fefc81c000 	C:\Windows\system32\VERSION.dll
0x0000000077430000 - 0x0000000077437000 	C:\Windows\system32\PSAPI.DLL
0x000007fefb250000 - 0x000007fefb25f000 	C:\Program Files\Android\Android Studio3.0\jre\jre\bin\verify.dll
0x000007fefb220000 - 0x000007fefb249000 	C:\Program Files\Android\Android Studio3.0\jre\jre\bin\java.dll
0x000007fefb0c0000 - 0x000007fefb0d6000 	C:\Program Files\Android\Android Studio3.0\jre\jre\bin\zip.dll
0x000007fefb0a0000 - 0x000007fefb0ba000 	C:\Program Files\Android\Android Studio3.0\jre\jre\bin\net.dll
0x000007fefce50000 - 0x000007fefcea5000 	C:\Windows\system32\mswsock.dll
0x000007fefcf50000 - 0x000007fefcf57000 	C:\Windows\System32\wship6.dll
0x000007fefb080000 - 0x000007fefb091000 	C:\Program Files\Android\Android Studio3.0\jre\jre\bin\nio.dll
0x000007fef5a20000 - 0x000007fef5a3e000 	D:\Users\fqzhang\.gradle\native\25\windows-amd64\native-platform.dll
0x000007fefb070000 - 0x000007fefb07d000 	C:\Program Files\Android\Android Studio3.0\jre\jre\bin\management.dll
0x000007fefd180000 - 0x000007fefd198000 	C:\Windows\system32\CRYPTSP.dll
0x000007fefcc20000 - 0x000007fefcc67000 	C:\Windows\system32\rsaenh.dll
0x000007fefd5a0000 - 0x000007fefd5af000 	C:\Windows\system32\CRYPTBASE.dll
0x000007fefa400000 - 0x000007fefa427000 	C:\Windows\system32\IPHLPAPI.DLL
0x000007fefa3d0000 - 0x000007fefa3db000 	C:\Windows\system32\WINNSI.DLL
0x000007fef9ad0000 - 0x000007fef9ae1000 	C:\Windows\system32\dhcpcsvc6.DLL
0x000007fef9a90000 - 0x000007fef9aa8000 	C:\Windows\system32\dhcpcsvc.DLL

VM Arguments:
jvm_args: -Xmx1536m -Dfile.encoding=GBK -Duser.country=CN -Duser.language=zh -Duser.variant 
java_command: org.gradle.launcher.daemon.bootstrap.GradleDaemon 4.1
java_class_path (initial): D:\Users\fqzhang\.gradle\wrapper\dists\gradle-4.1-all\bzyivzo6n839fup2jbap0tjew\gradle-4.1\lib\gradle-launcher-4.1.jar
Launcher Type: SUN_STANDARD

Environment Variables:
JAVA_HOME=C:\Program Files\Java\jdk1.8.0_121
CLASSPATH=.;C:\Program Files\Java\jdk1.8.0_121\bin;C:\Program Files\Java\jdk1.8.0_121\lib\tools.jar;C:\Program Files\Java\jdk1.8.0_121\lib\dt.jar
PATH=C:\Python27;C:\ProgramData\Oracle\Java\javapath;C:\Windows\system32;C:\Windows;C:\Windows\System32\Wbem;C:\Windows\System32\WindowsPowerShell\v1.0\;C:\Program Files (x86)\Microsoft SQL Server\110\Tools\Binn\ManagementStudio\;C:\Program Files (x86)\Microsoft SQL Server\110\Tools\Binn\;C:\Program Files\Microsoft SQL Server\110\Tools\Binn\;C:\Program Files (x86)\Microsoft SQL Server\110\DTS\Binn\;C:\Program Files\Git\cmd;C:\Program Files\TortoiseSVN\bin;C:\Program Files (x86)\Git\cmd;C:\Program Files (x86)\GitExtensions\;D:\Users\fqzhang\AppData\Local\Android\sdk\platform-tools;C:\Program Files (x86)\IDM Computer Solutions\UltraEdit;%JAVA_HOME%\bin;C:\Program Files\nodejs\;D:\Users\fqzhang\Downloads\protoc-3.0.0-beta-3-win32;C:\Program Files\Java\jdk1.8.0_121\bin;D:\Users\fqzhang\AppData\Roaming\npm;D:\Users\fqzhang\AppData\Local\atom\bin;D:\Users\fqzhang\AppData\Local\Programs\Fiddler
USERNAME=fqzhang
OS=Windows_NT
PROCESSOR_IDENTIFIER=Intel64 Family 6 Model 60 Stepping 3, GenuineIntel



---------------  S Y S T E M  ---------------

OS: Windows 7 , 64 bit Build 7601 (6.1.7601.24000)

CPU:total 4 (initial active 4) (4 cores per cpu, 1 threads per core) family 6 model 60 stepping 3, cmov, cx8, fxsr, mmx, sse, sse2, sse3, ssse3, sse4.1, sse4.2, popcnt, avx, avx2, aes, clmul, erms, lzcnt, tsc, tscinvbit, bmi1, bmi2

Memory: 4k page, physical 16664328k(293364k free), swap 20856756k(5072k free)

vm_info: OpenJDK 64-Bit Server VM (25.152-b01) for windows-amd64 JRE (1.8.0_152-release-915-b01), built by "builder" with MS VC++ 10.0 (VS2010)

time: Thu Apr 19 20:17:22 2018
elapsed time: 14 seconds (0d 0h 0m 14s)

