JvmtiExport can_access_local_variables 0
JvmtiExport can_hotswap_or_post_breakpoint 0
JvmtiExport can_post_on_exceptions 0
# 344 ciObject found
ciMethod java/lang/Object <init> ()V 4097 1 708286 0 0
ciMethod java/lang/Object hashCode ()I 3073 1 384 0 -1
ciMethod java/lang/Object clone ()Ljava/lang/Object; 2049 1 256 0 -1
ciMethod java/lang/String equals (Ljava/lang/Object;)Z 2073 11161 2482 0 -1
ciMethod java/lang/String hashCode ()I 2657 32769 1019 0 288
ciMethod java/lang/reflect/GenericDeclaration getTypeParameters ()[Ljava/lang/reflect/TypeVariable; 0 0 1 0 -1
ciMethod java/lang/Class getName ()Ljava/lang/String; 297 1 36759 0 96
ciMethod java/lang/Class getName0 ()Ljava/lang/String; 2089 1 261 0 -1
ciMethod java/lang/Class getTypeParameters ()[Ljava/lang/reflect/TypeVariable; 2697 1 6438 0 1408
ciMethod java/lang/Class getEnclosingMethod ()Ljava/lang/reflect/Method; 49 145 6 0 -1
ciMethod java/lang/Class getEnclosingConstructor ()Ljava/lang/reflect/Constructor; 33 17 4 0 -1
ciMethod java/lang/Class getEnclosingClass ()Ljava/lang/Class; 2049 1 1553 0 -1
ciMethod java/lang/Class getGenericSignature0 ()Ljava/lang/String; 2785 1 314 0 -1
ciMethod java/lang/Class getFactory ()Lsun/reflect/generics/factory/GenericsFactory; 121 1 157 0 0
ciMethod java/lang/Class getGenericInfo ()Lsun/reflect/generics/repository/ClassRepository; 297 1 6306 0 192
ciMethod java/lang/ref/Reference <init> (Ljava/lang/Object;)V 2409 1 26298 0 0
ciMethod java/lang/ref/Reference <init> (Ljava/lang/Object;Ljava/lang/ref/ReferenceQueue;)V 2049 1 30542 0 96
ciMethod java/lang/ref/WeakReference <init> (Ljava/lang/Object;)V 2073 1 21831 0 0
ciMethod java/lang/reflect/Method getGenericSignature ()Ljava/lang/String; 1097 1 137 0 0
ciMethod java/lang/reflect/Method getFactory ()Lsun/reflect/generics/factory/GenericsFactory; 305 1 1662 0 0
ciMethod java/lang/reflect/Method getGenericInfo ()Lsun/reflect/generics/repository/MethodRepository; 761 1 11505 0 0
ciMethod java/lang/reflect/Method getDeclaringClass ()Ljava/lang/Class; 1041 1 130 0 0
ciMethod java/lang/reflect/Method getName ()Ljava/lang/String; 1241 1 155 0 0
ciMethod java/lang/reflect/Method getTypeParameters ()[Ljava/lang/reflect/TypeVariable; 2089 1 4945 0 0
ciMethod java/lang/reflect/Method hashCode ()I 2049 1 3708 0 0
ciMethod java/lang/StringBuilder <init> (Ljava/lang/String;)V 2049 1 7840 0 -1
ciMethod java/lang/StringBuilder append (Ljava/lang/String;)Ljava/lang/StringBuilder; 1281 1 187821 0 -1
ciMethod java/lang/StringBuilder toString ()Ljava/lang/String; 729 1 78780 0 -1
ciMethod java/util/List isEmpty ()Z 0 0 1 0 -1
ciMethod java/util/List iterator ()Ljava/util/Iterator; 0 0 1 0 -1
ciMethod sun/reflect/generics/repository/ClassRepository <init> (Ljava/lang/String;Lsun/reflect/generics/factory/GenericsFactory;)V 129 1 152 0 -1
ciMethod sun/reflect/generics/repository/ClassRepository make (Ljava/lang/String;Lsun/reflect/generics/factory/GenericsFactory;)Lsun/reflect/generics/repository/ClassRepository; 129 1 152 0 0
ciMethod sun/reflect/generics/repository/GenericDeclRepository <init> (Ljava/lang/String;Lsun/reflect/generics/factory/GenericsFactory;)V 393 1 1831 0 -1
ciMethod sun/reflect/generics/repository/GenericDeclRepository getTypeParameters ()[Ljava/lang/reflect/TypeVariable; 833 73 5764 0 0
ciMethod sun/reflect/generics/repository/AbstractRepository getFactory ()Lsun/reflect/generics/factory/GenericsFactory; 1025 1 128 0 0
ciMethod sun/reflect/generics/repository/AbstractRepository getTree ()Lsun/reflect/generics/tree/Tree; 1057 1 132 0 0
ciMethod sun/reflect/generics/repository/AbstractRepository getReifier ()Lsun/reflect/generics/visitor/Reifier; 1505 1 3540 0 0
ciMethod java/util/Arrays hashCode ([Ljava/lang/Object;)I 2049 1849 6549 0 0
ciMethodData java/lang/Object <init> ()V 2 708286 orig 264 56 157 191 107 0 0 0 0 128 4 195 21 0 0 0 0 32 1 0 0 0 0 0 0 0 0 0 0 0 0 0 0 0 0 0 0 0 0 0 0 0 0 0 0 0 0 0 0 0 0 0 0 0 0 0 0 0 0 0 0 0 0 0 0 0 0 0 0 0 0 0 0 0 0 0 0 0 0 0 0 77 68 79 32 101 120 116 114 97 32 100 97 116 97 32 108 111 99 107 0 0 0 0 0 0 0 0 0 0 0 0 0 0 0 0 0 0 0 0 0 0 0 0 0 0 0 0 0 0 0 0 0 0 0 0 0 0 0 0 0 0 0 0 0 0 0 0 0 0 0 0 0 0 0 0 0 0 0 0 0 0 0 0 0 0 0 0 0 0 0 0 0 0 0 0 0 0 0 0 0 0 0 0 0 1 0 0 0 0 0 0 0 1 0 0 0 0 0 0 0 1 0 0 0 0 0 0 0 0 0 0 0 0 0 0 0 0 2 0 0 241 101 86 0 1 0 0 0 0 0 0 0 0 0 0 0 2 0 0 0 0 0 3 0 1 0 0 0 0 0 0 0 255 255 255 255 0 0 0 0 0 0 0 0 data 0 oops 0
ciMethod java/util/Objects hashCode (Ljava/lang/Object;)I 2049 1 740 0 -1
ciMethod java/util/Iterator hasNext ()Z 0 0 1 0 -1
ciMethod java/util/Iterator next ()Ljava/lang/Object; 0 0 1 0 -1
ciMethodData java/lang/String hashCode ()I 2 23362 orig 264 56 157 191 107 0 0 0 0 0 80 195 21 0 0 0 0 152 1 0 0 32 0 0 0 0 0 0 0 0 0 0 0 0 0 0 0 0 0 0 0 0 0 0 0 0 0 0 0 0 0 0 0 0 0 0 0 0 0 0 0 0 0 0 0 0 0 0 0 0 0 0 0 0 0 0 0 0 0 0 0 77 68 79 32 101 120 116 114 97 32 100 97 116 97 32 108 111 99 107 0 0 0 0 0 0 0 0 0 0 0 0 0 0 0 0 0 0 0 0 0 0 0 0 0 0 0 0 0 0 0 0 0 0 0 0 0 0 0 0 0 0 0 0 0 0 0 0 0 0 0 0 0 0 0 0 0 0 0 0 0 0 0 0 0 0 0 0 0 0 0 0 0 0 0 0 0 0 0 0 0 0 0 0 0 1 0 0 0 0 0 0 0 0 0 0 0 0 0 0 0 1 0 0 0 0 0 0 0 0 0 0 0 0 0 0 0 0 16 0 0 121 21 0 0 17 90 2 0 0 0 0 0 0 0 0 0 2 0 0 0 1 0 11 0 2 0 0 0 120 0 0 0 255 255 255 255 7 0 6 0 0 0 0 0 data 15 0x60007 0xf4 0x78 0x1bb 0xe0007 0x3 0x58 0x1b8 0x1e0007 0x1b8 0x38 0x4b19 0x2d0003 0x4b19 0xffffffffffffffe0 oops 0
ciMethod java/lang/AssertionError <init> ()V 0 0 1 0 -1
ciMethodData java/lang/ref/Reference <init> (Ljava/lang/Object;Ljava/lang/ref/ReferenceQueue;)V 2 30542 orig 264 56 157 191 107 0 0 0 0 232 135 197 21 0 0 0 0 120 1 0 0 0 0 0 0 0 0 0 0 0 0 0 0 0 0 0 0 0 0 0 0 0 0 0 0 0 0 0 0 0 0 0 0 0 0 0 0 0 0 0 0 0 0 0 0 0 0 0 0 0 0 0 0 0 0 0 0 0 0 0 0 77 68 79 32 101 120 116 114 97 32 100 97 116 97 32 108 111 99 107 0 0 0 0 0 0 0 0 0 0 0 0 0 0 0 0 0 0 0 0 0 0 0 0 0 0 0 0 0 0 0 0 0 0 0 0 0 0 0 0 0 0 0 0 0 0 0 0 0 0 0 0 0 0 0 0 0 0 0 0 0 0 0 0 0 0 0 0 0 0 0 0 0 0 0 0 0 0 0 0 0 0 0 0 0 1 0 0 0 0 0 0 0 0 0 0 0 0 0 0 0 1 0 0 0 0 0 0 0 0 0 0 0 0 0 0 0 0 1 0 0 113 178 3 0 1 0 0 0 0 0 0 0 0 0 0 0 2 0 0 0 0 0 6 0 2 0 0 0 72 0 0 0 255 255 255 255 2 0 1 0 0 0 0 0 data 9 0x10002 0x764e 0xb0007 0x3e22 0x38 0x382c 0x110003 0x382c 0x18 oops 0
ciMethodData java/lang/Class getName ()Ljava/lang/String; 2 36759 orig 264 56 157 191 107 0 0 0 0 112 200 195 21 0 0 0 0 80 1 0 0 0 0 0 0 0 0 0 0 0 0 0 0 0 0 0 0 0 0 0 0 0 0 0 0 0 0 0 0 0 0 0 0 0 0 0 0 0 0 0 0 0 0 0 0 0 0 0 0 0 0 0 0 0 0 0 0 0 0 0 0 77 68 79 32 101 120 116 114 97 32 100 97 116 97 32 108 111 99 107 0 0 0 0 0 0 0 0 0 0 0 0 0 0 0 0 0 0 0 0 0 0 0 0 0 0 0 0 0 0 0 0 0 0 0 0 0 0 0 0 0 0 0 0 0 0 0 0 0 0 0 0 0 0 0 0 0 0 0 0 0 0 0 0 0 0 0 0 0 0 0 0 0 0 0 0 0 0 0 0 0 0 0 0 0 0 0 0 0 0 0 0 0 0 0 0 0 0 0 0 0 0 0 0 0 0 0 0 0 0 0 0 0 0 0 0 0 37 0 0 0 145 123 4 0 1 0 0 0 0 0 0 0 0 0 0 0 2 0 0 0 0 0 6 0 2 0 0 0 48 0 0 0 255 255 255 255 7 0 6 0 0 0 0 0 data 6 0x60007 0x8c14 0x30 0x35e 0xb0002 0x35e oops 0
ciMethodData java/lang/ref/Reference <init> (Ljava/lang/Object;)V 2 26298 orig 264 56 157 191 107 0 0 0 0 56 135 197 21 0 0 0 0 56 1 0 0 0 0 0 0 0 0 0 0 0 0 0 0 0 0 0 0 0 0 0 0 0 0 0 0 0 0 0 0 0 0 0 0 0 0 0 0 0 0 0 0 0 0 0 0 0 0 0 0 0 0 0 0 0 0 0 0 0 0 0 0 77 68 79 32 101 120 116 114 97 32 100 97 116 97 32 108 111 99 107 0 0 0 0 0 0 0 0 0 0 0 0 0 0 0 0 0 0 0 0 0 0 0 0 0 0 0 0 0 0 0 0 0 0 0 0 0 0 0 0 0 0 0 0 0 0 0 0 0 0 0 0 0 0 0 0 0 0 0 0 0 0 0 0 0 0 0 0 0 0 0 0 0 0 0 0 0 0 0 0 0 0 0 0 0 0 0 0 0 0 0 0 0 0 0 0 0 0 0 0 0 0 0 0 0 0 0 0 0 0 0 0 0 0 0 0 0 45 1 0 0 105 44 3 0 1 0 0 0 0 0 0 0 0 0 0 0 2 0 0 0 0 0 6 0 2 0 0 0 16 0 0 0 255 255 255 255 2 0 3 0 0 0 0 0 data 2 0x30002 0x658d oops 0
ciMethod sun/reflect/generics/scope/MethodScope <init> (Ljava/lang/reflect/Method;)V 305 1 1664 0 0
ciMethod sun/reflect/generics/scope/MethodScope getEnclosingClass ()Ljava/lang/Class; 3089 1 845 0 0
ciMethod sun/reflect/generics/scope/MethodScope computeEnclosingScope ()Lsun/reflect/generics/scope/Scope; 3089 1 845 0 0
ciMethod sun/reflect/generics/scope/MethodScope make (Ljava/lang/reflect/Method;)Lsun/reflect/generics/scope/MethodScope; 305 1 1664 0 0
ciMethod sun/reflect/generics/scope/Scope lookup (Ljava/lang/String;)Ljava/lang/reflect/TypeVariable; 0 0 1 0 -1
ciMethod sun/reflect/generics/scope/AbstractScope <init> (Ljava/lang/reflect/GenericDeclaration;)V 929 1 3166 0 -1
ciMethod sun/reflect/generics/scope/AbstractScope getRecvr ()Ljava/lang/reflect/GenericDeclaration; 1025 1 128 0 0
ciMethod sun/reflect/generics/scope/AbstractScope computeEnclosingScope ()Lsun/reflect/generics/scope/Scope; 0 0 1 0 -1
ciMethod sun/reflect/generics/scope/AbstractScope getEnclosingScope ()Lsun/reflect/generics/scope/Scope; 1225 1 1438 0 0
ciMethod sun/reflect/generics/scope/AbstractScope lookup (Ljava/lang/String;)Ljava/lang/reflect/TypeVariable; 3113 1 3238 0 0
ciMethod sun/reflect/generics/factory/GenericsFactory makeTypeVariable (Ljava/lang/String;[Lsun/reflect/generics/tree/FieldTypeSignature;)Ljava/lang/reflect/TypeVariable; 0 0 1 0 -1
ciMethod sun/reflect/generics/factory/GenericsFactory makeParameterizedType (Ljava/lang/reflect/Type;[Ljava/lang/reflect/Type;Ljava/lang/reflect/Type;)Ljava/lang/reflect/ParameterizedType; 0 0 1 0 -1
ciMethod sun/reflect/generics/factory/GenericsFactory findTypeVariable (Ljava/lang/String;)Ljava/lang/reflect/TypeVariable; 0 0 1 0 -1
ciMethod sun/reflect/generics/factory/GenericsFactory makeNamedType (Ljava/lang/String;)Ljava/lang/reflect/Type; 0 0 1 0 -1
ciMethod sun/reflect/generics/factory/CoreReflectionFactory <init> (Ljava/lang/reflect/GenericDeclaration;Lsun/reflect/generics/scope/Scope;)V 929 1 2306 0 0
ciMethod sun/reflect/generics/factory/CoreReflectionFactory getScope ()Lsun/reflect/generics/scope/Scope; 1025 1 128 0 0
ciMethod sun/reflect/generics/factory/CoreReflectionFactory make (Ljava/lang/reflect/GenericDeclaration;Lsun/reflect/generics/scope/Scope;)Lsun/reflect/generics/factory/CoreReflectionFactory; 929 1 2306 0 0
ciMethod sun/reflect/generics/factory/CoreReflectionFactory findTypeVariable (Ljava/lang/String;)Ljava/lang/reflect/TypeVariable; 4097 1 1800 0 0
ciMethod sun/reflect/generics/repository/MethodRepository <init> (Ljava/lang/String;Lsun/reflect/generics/factory/GenericsFactory;)V 305 1 1664 0 0
ciMethod sun/reflect/generics/repository/MethodRepository make (Ljava/lang/String;Lsun/reflect/generics/factory/GenericsFactory;)Lsun/reflect/generics/repository/MethodRepository; 305 1 1664 0 0
ciMethod sun/reflect/generics/repository/ConstructorRepository <init> (Ljava/lang/String;Lsun/reflect/generics/factory/GenericsFactory;)V 305 1 1679 0 0
ciMethod sun/reflect/generics/tree/TypeTree accept (Lsun/reflect/generics/visitor/TypeTreeVisitor;)V 0 0 1 0 -1
ciMethod sun/reflect/generics/tree/FormalTypeParameter getBounds ()[Lsun/reflect/generics/tree/FieldTypeSignature; 177 1 20 0 0
ciMethod sun/reflect/generics/tree/FormalTypeParameter getName ()Ljava/lang/String; 177 1 20 0 0
ciMethod sun/reflect/generics/tree/FormalTypeParameter accept (Lsun/reflect/generics/visitor/TypeTreeVisitor;)V 145 1 270 0 0
ciMethod sun/reflect/generics/tree/SimpleClassTypeSignature getDollar ()Z 1073 1 134 0 -1
ciMethod sun/reflect/generics/tree/SimpleClassTypeSignature getName ()Ljava/lang/String; 1073 1 134 0 -1
ciMethod sun/reflect/generics/tree/SimpleClassTypeSignature getTypeArguments ()[Lsun/reflect/generics/tree/TypeArgument; 1321 1 165 0 -1
ciMethod sun/reflect/generics/tree/ClassTypeSignature getPath ()Ljava/util/List; 1073 1 134 0 -1
ciMethod sun/reflect/generics/tree/ClassTypeSignature accept (Lsun/reflect/generics/visitor/TypeTreeVisitor;)V 3073 1 3162 0 0
ciMethod sun/reflect/generics/tree/Signature getFormalTypeParameters ()[Lsun/reflect/generics/tree/FormalTypeParameter; 0 0 1 0 -1
ciMethod sun/reflect/generics/tree/MethodTypeSignature getFormalTypeParameters ()[Lsun/reflect/generics/tree/FormalTypeParameter; 1057 1 132 0 0
ciMethod sun/reflect/generics/visitor/TypeTreeVisitor visitFormalTypeParameter (Lsun/reflect/generics/tree/FormalTypeParameter;)V 0 0 1 0 -1
ciMethod sun/reflect/generics/visitor/TypeTreeVisitor visitClassTypeSignature (Lsun/reflect/generics/tree/ClassTypeSignature;)V 0 0 1 0 -1
ciMethod sun/reflect/generics/visitor/TypeTreeVisitor visitTypeVariableSignature (Lsun/reflect/generics/tree/TypeVariableSignature;)V 0 0 1 0 -1
ciMethod sun/reflect/generics/visitor/Reifier <init> (Lsun/reflect/generics/factory/GenericsFactory;)V 2041 1 5532 0 0
ciMethod sun/reflect/generics/visitor/Reifier getFactory ()Lsun/reflect/generics/factory/GenericsFactory; 1369 1 171 0 0
ciMethod sun/reflect/generics/visitor/Reifier make (Lsun/reflect/generics/factory/GenericsFactory;)Lsun/reflect/generics/visitor/Reifier; 2049 1 5532 0 0
ciMethod sun/reflect/generics/visitor/Reifier reifyTypeArguments ([Lsun/reflect/generics/tree/TypeArgument;)[Ljava/lang/reflect/Type; 801 833 1451 0 -1
ciMethod sun/reflect/generics/visitor/Reifier getResult ()Ljava/lang/reflect/Type; 2049 1 5532 0 0
ciMethod sun/reflect/generics/visitor/Reifier visitFormalTypeParameter (Lsun/reflect/generics/tree/FormalTypeParameter;)V 145 1 270 0 0
ciMethod sun/reflect/generics/visitor/Reifier visitClassTypeSignature (Lsun/reflect/generics/tree/ClassTypeSignature;)V 3073 1 3162 0 -1
ciMethod sun/reflect/generics/visitor/Reifier visitTypeVariableSignature (Lsun/reflect/generics/tree/TypeVariableSignature;)V 4097 1 1800 0 0
ciMethod java/lang/reflect/ParameterizedType getActualTypeArguments ()[Ljava/lang/reflect/Type; 0 0 1 0 -1
ciMethod java/lang/reflect/ParameterizedType getRawType ()Ljava/lang/reflect/Type; 0 0 1 0 -1
ciMethod java/lang/reflect/ParameterizedType getOwnerType ()Ljava/lang/reflect/Type; 0 0 1 0 -1
ciMethod sun/reflect/generics/reflectiveObjects/ParameterizedTypeImpl getActualTypeArguments ()[Ljava/lang/reflect/Type; 2057 1 2766 0 0
ciMethod sun/reflect/generics/reflectiveObjects/ParameterizedTypeImpl getRawType ()Ljava/lang/Class; 1177 1 147 0 0
ciMethod sun/reflect/generics/reflectiveObjects/ParameterizedTypeImpl getOwnerType ()Ljava/lang/reflect/Type; 1041 1 130 0 0
ciMethod sun/reflect/generics/reflectiveObjects/ParameterizedTypeImpl getRawType ()Ljava/lang/reflect/Type; 2057 1 3710 0 0
ciMethod sun/reflect/generics/scope/ClassScope <init> (Ljava/lang/Class;)V 665 1 1487 0 0
ciMethod sun/reflect/generics/scope/ClassScope computeEnclosingScope ()Lsun/reflect/generics/scope/Scope; 49 1 6 0 0
ciMethod sun/reflect/generics/scope/ClassScope make (Ljava/lang/Class;)Lsun/reflect/generics/scope/ClassScope; 665 1 1487 0 0
ciMethod sun/reflect/generics/tree/ClassSignature getFormalTypeParameters ()[Lsun/reflect/generics/tree/FormalTypeParameter; 985 1 121 0 0
ciMethod java/lang/reflect/TypeVariable getBounds ()[Ljava/lang/reflect/Type; 0 0 1 0 -1
ciMethod java/lang/reflect/TypeVariable getName ()Ljava/lang/String; 0 0 1 0 -1
ciMethod sun/reflect/generics/reflectiveObjects/TypeVariableImpl getBoundASTs ()[Lsun/reflect/generics/tree/FieldTypeSignature; 697 1 187 0 0
ciMethod sun/reflect/generics/reflectiveObjects/TypeVariableImpl getBounds ()[Ljava/lang/reflect/Type; 3233 697 1692 0 0
ciMethod sun/reflect/generics/reflectiveObjects/TypeVariableImpl getName ()Ljava/lang/String; 1025 1 128 0 0
ciMethod sun/reflect/generics/reflectiveObjects/TypeVariableImpl hashCode ()I 2065 1 2606 0 0
ciMethod sun/reflect/generics/reflectiveObjects/LazyReflectiveObjectGenerator getFactory ()Lsun/reflect/generics/factory/GenericsFactory; 1025 1 128 0 0
ciMethod sun/reflect/generics/reflectiveObjects/LazyReflectiveObjectGenerator getReifier ()Lsun/reflect/generics/visitor/Reifier; 1113 1 1516 0 0
ciMethod java/lang/reflect/WildcardType getUpperBounds ()[Ljava/lang/reflect/Type; 0 0 1 0 -1
ciMethod java/lang/reflect/WildcardType getLowerBounds ()[Ljava/lang/reflect/Type; 0 0 1 0 -1
ciMethod sun/reflect/generics/tree/TypeVariableSignature getIdentifier ()Ljava/lang/String; 1025 1 128 0 0
ciMethod sun/reflect/generics/tree/TypeVariableSignature accept (Lsun/reflect/generics/visitor/TypeTreeVisitor;)V 4097 1 1800 0 0
ciMethodData java/lang/ref/WeakReference <init> (Ljava/lang/Object;)V 2 21831 orig 264 56 157 191 107 0 0 0 0 152 142 197 21 0 0 0 0 56 1 0 0 0 0 0 0 0 0 0 0 0 0 0 0 0 0 0 0 0 0 0 0 0 0 0 0 0 0 0 0 0 0 0 0 0 0 0 0 0 0 0 0 0 0 0 0 0 0 0 0 0 0 0 0 0 0 0 0 0 0 0 0 77 68 79 32 101 120 116 114 97 32 100 97 116 97 32 108 111 99 107 0 0 0 0 0 0 0 0 0 0 0 0 0 0 0 0 0 0 0 0 0 0 0 0 0 0 0 0 0 0 0 0 0 0 0 0 0 0 0 0 0 0 0 0 0 0 0 0 0 0 0 0 0 0 0 0 0 0 0 0 0 0 0 0 0 0 0 0 0 0 0 0 0 0 0 0 0 0 0 0 0 0 0 0 0 0 0 0 0 0 0 0 0 0 0 0 0 0 0 0 0 0 0 0 0 0 0 0 0 0 0 0 0 0 0 0 0 3 1 0 0 33 162 2 0 1 0 0 0 0 0 0 0 0 0 0 0 2 0 0 0 0 0 7 0 2 0 0 0 16 0 0 0 255 255 255 255 2 0 2 0 0 0 0 0 data 2 0x20002 0x5444 oops 0
ciMethodData sun/reflect/generics/reflectiveObjects/ParameterizedTypeImpl getRawType ()Ljava/lang/reflect/Type; 2 3710 orig 264 56 157 191 107 0 0 0 0 32 137 2 22 0 0 0 0 120 1 0 0 0 0 0 0 0 0 0 0 0 0 0 0 0 0 0 0 0 0 0 0 0 0 0 0 0 0 0 0 0 0 0 0 0 0 0 0 0 0 0 0 0 0 0 0 0 0 0 0 0 0 0 0 0 0 0 0 0 0 0 0 77 68 79 32 101 120 116 114 97 32 100 97 116 97 32 108 111 99 107 0 0 0 0 0 0 0 0 0 0 0 0 0 0 0 0 0 0 0 0 0 0 0 0 0 0 0 0 0 0 0 0 0 0 0 0 0 0 0 0 0 0 0 0 0 0 0 0 0 0 0 0 0 0 0 0 0 0 0 0 0 0 0 0 0 0 0 0 0 0 0 0 0 0 0 0 0 0 0 0 0 0 0 0 0 0 0 0 0 0 0 0 0 0 0 0 0 0 0 0 0 0 0 0 0 0 0 0 0 0 0 0 0 0 0 0 0 1 1 0 0 233 107 0 0 1 0 0 0 0 0 0 0 0 0 0 0 2 0 0 0 0 0 3 0 2 0 0 0 48 0 0 0 255 255 255 255 5 0 1 0 0 0 0 0 data 6 0x10005 0x0 0x189c1e60 0xd7d 0x0 0x0 oops 1 2 sun/reflect/generics/reflectiveObjects/ParameterizedTypeImpl
ciMethodData java/lang/Class getGenericInfo ()Lsun/reflect/generics/repository/ClassRepository; 2 6306 orig 264 56 157 191 107 0 0 0 0 192 245 195 21 0 0 0 0 8 2 0 0 120 0 0 0 0 0 0 0 0 0 0 0 0 0 0 0 0 0 0 0 0 0 0 0 0 0 0 0 0 0 0 0 0 0 0 0 0 0 0 0 0 0 0 0 0 0 0 0 0 0 0 0 0 0 0 0 0 0 0 0 77 68 79 32 101 120 116 114 97 32 100 97 116 97 32 108 111 99 107 0 0 0 0 0 0 0 0 0 0 0 0 0 0 0 0 0 0 0 0 0 0 0 0 0 0 0 0 0 0 0 0 0 0 0 0 0 0 0 0 0 0 0 0 0 0 0 0 0 0 0 0 0 0 0 0 0 0 0 0 0 0 0 0 0 0 0 0 0 0 0 0 0 0 0 0 0 0 0 0 0 0 0 0 0 0 0 0 0 0 0 0 0 0 0 0 0 0 0 0 0 0 0 0 0 0 0 0 0 0 0 0 0 0 0 0 0 37 0 0 0 233 195 0 0 1 0 0 0 0 0 0 0 0 0 0 0 2 0 0 0 0 0 12 0 2 0 0 0 192 0 0 0 255 255 255 255 7 0 6 0 0 0 0 0 data 24 0x60007 0x17a5 0x88 0xd8 0xa0002 0xd8 0xf0007 0x66 0x38 0x72 0x160003 0x72 0x38 0x1b0002 0x66 0x1e0002 0x66 0x2b0007 0xeee 0x38 0x98f 0x2f0003 0x98f 0x18 oops 0
ciMethod java/lang/reflect/GenericArrayType getGenericComponentType ()Ljava/lang/reflect/Type; 0 0 1 0 -1
ciMethod sun/reflect/generics/reflectiveObjects/WildcardTypeImpl getUpperBoundASTs ()[Lsun/reflect/generics/tree/FieldTypeSignature; 673 1 866 0 0
ciMethod sun/reflect/generics/reflectiveObjects/WildcardTypeImpl getLowerBoundASTs ()[Lsun/reflect/generics/tree/FieldTypeSignature; 601 1 868 0 0
ciMethod sun/reflect/generics/reflectiveObjects/WildcardTypeImpl getUpperBounds ()[Ljava/lang/reflect/Type; 2049 673 2560 0 0
ciMethod sun/reflect/generics/reflectiveObjects/WildcardTypeImpl getLowerBounds ()[Ljava/lang/reflect/Type; 2049 393 3099 0 0
ciMethod sun/reflect/generics/reflectiveObjects/WildcardTypeImpl hashCode ()I 3081 1 691 0 0
ciMethodData java/lang/reflect/Method getGenericInfo ()Lsun/reflect/generics/repository/MethodRepository; 2 11505 orig 264 56 157 191 107 0 0 0 0 232 25 199 21 0 0 0 0 152 1 0 0 0 0 0 0 0 0 0 0 0 0 0 0 0 0 0 0 0 0 0 0 0 0 0 0 0 0 0 0 0 0 0 0 0 0 0 0 0 0 0 0 0 0 0 0 0 0 0 0 0 0 0 0 0 0 0 0 0 0 0 0 77 68 79 32 101 120 116 114 97 32 100 97 116 97 32 108 111 99 107 0 0 0 0 0 0 0 0 0 0 0 0 0 0 0 0 0 0 0 0 0 0 0 0 0 0 0 0 0 0 0 0 0 0 0 0 0 0 0 0 0 0 0 0 0 0 0 0 0 0 0 0 0 0 0 0 0 0 0 0 0 0 0 0 0 0 0 0 0 0 0 0 0 0 0 0 0 0 0 0 0 0 0 0 0 0 0 0 0 0 0 0 0 0 0 0 0 0 0 0 0 0 0 0 0 0 0 0 0 0 0 0 0 0 0 0 0 95 0 0 0 145 100 1 0 1 0 0 0 0 0 0 0 0 0 0 0 2 0 0 0 0 0 6 0 2 0 0 0 80 0 0 0 255 255 255 255 7 0 4 0 0 0 0 0 data 10 0x40007 0x263a 0x50 0x658 0x90002 0x658 0xd0002 0x658 0x100002 0x658 oops 0
ciMethodData java/lang/reflect/Method getFactory ()Lsun/reflect/generics/factory/GenericsFactory; 2 1662 orig 264 56 157 191 107 0 0 0 0 56 25 199 21 0 0 0 0 104 1 0 0 0 0 0 0 0 0 0 0 0 0 0 0 0 0 0 0 0 0 0 0 0 0 0 0 0 0 0 0 0 0 0 0 0 0 0 0 0 0 0 0 0 0 0 0 0 0 0 0 0 0 0 0 0 0 0 0 0 0 0 0 77 68 79 32 101 120 116 114 97 32 100 97 116 97 32 108 111 99 107 0 0 0 0 0 0 0 0 0 0 0 0 0 0 0 0 0 0 0 0 0 0 0 0 0 0 0 0 0 0 0 0 0 0 0 0 0 0 0 0 0 0 0 0 0 0 0 0 0 0 0 0 0 0 0 0 0 0 0 0 0 0 0 0 0 0 0 0 0 0 0 0 0 0 0 0 0 0 0 0 0 0 0 0 0 0 0 0 0 0 0 0 0 0 0 0 0 0 0 0 0 0 0 0 0 0 0 0 0 0 0 0 0 0 0 0 0 38 0 0 0 193 50 0 0 1 0 0 0 0 0 0 0 0 0 0 0 2 0 0 0 0 0 0 0 0 0 0 0 32 0 0 0 255 255 255 255 2 0 2 0 0 0 0 0 data 4 0x20002 0x658 0x50002 0x658 oops 0
ciMethodData sun/reflect/generics/scope/MethodScope make (Ljava/lang/reflect/Method;)Lsun/reflect/generics/scope/MethodScope; 2 1664 orig 264 56 157 191 107 0 0 0 0 168 160 1 22 0 0 0 0 48 1 0 0 0 0 0 0 0 0 0 0 0 0 0 0 0 0 0 0 0 0 0 0 0 0 0 0 0 0 0 0 0 0 0 0 0 0 0 0 0 0 0 0 0 0 0 0 0 0 0 0 0 0 0 0 0 0 0 0 0 0 0 0 77 68 79 32 101 120 116 114 97 32 100 97 116 97 32 108 111 99 107 0 0 0 0 0 0 0 0 0 0 0 0 0 0 0 0 0 0 0 0 0 0 0 0 0 0 0 0 0 0 0 0 0 0 0 0 0 0 0 0 0 0 0 0 0 0 0 0 0 0 0 0 0 0 0 0 0 0 0 0 0 0 0 0 0 0 0 0 0 0 0 0 0 0 0 0 0 0 0 0 0 0 0 0 0 0 0 0 0 0 0 0 0 0 0 0 0 0 0 0 0 0 0 0 0 0 0 0 0 0 0 0 0 0 0 0 0 38 0 0 0 209 50 0 0 1 0 0 0 0 0 0 0 0 0 0 0 2 0 0 0 0 0 0 0 0 0 0 0 16 0 0 0 255 255 255 255 2 0 5 0 0 0 0 0 data 2 0x50002 0x65a oops 0
ciMethodData sun/reflect/generics/scope/MethodScope <init> (Ljava/lang/reflect/Method;)V 2 1664 orig 264 56 157 191 107 0 0 0 0 216 158 1 22 0 0 0 0 56 1 0 0 0 0 0 0 0 0 0 0 0 0 0 0 0 0 0 0 0 0 0 0 0 0 0 0 0 0 0 0 0 0 0 0 0 0 0 0 0 0 0 0 0 0 0 0 0 0 0 0 0 0 0 0 0 0 0 0 0 0 0 0 77 68 79 32 101 120 116 114 97 32 100 97 116 97 32 108 111 99 107 0 0 0 0 0 0 0 0 0 0 0 0 0 0 0 0 0 0 0 0 0 0 0 0 0 0 0 0 0 0 0 0 0 0 0 0 0 0 0 0 0 0 0 0 0 0 0 0 0 0 0 0 0 0 0 0 0 0 0 0 0 0 0 0 0 0 0 0 0 0 0 0 0 0 0 0 0 0 0 0 0 0 0 0 0 0 0 0 0 0 0 0 0 0 0 0 0 0 0 0 0 0 0 0 0 0 0 0 0 0 0 0 0 0 0 0 0 38 0 0 0 209 50 0 0 1 0 0 0 0 0 0 0 0 0 0 0 2 0 0 0 0 0 0 0 0 0 0 0 16 0 0 0 255 255 255 255 2 0 2 0 0 0 0 0 data 2 0x20002 0x65a oops 0
ciMethodData sun/reflect/generics/scope/AbstractScope <init> (Ljava/lang/reflect/GenericDeclaration;)V 2 3166 orig 264 56 157 191 107 0 0 0 0 240 165 1 22 0 0 0 0 56 1 0 0 0 0 0 0 0 0 0 0 0 0 0 0 0 0 0 0 0 0 0 0 0 0 0 0 0 0 0 0 0 0 0 0 0 0 0 0 0 0 0 0 0 0 0 0 0 0 0 0 0 0 0 0 0 0 0 0 0 0 0 0 77 68 79 32 101 120 116 114 97 32 100 97 116 97 32 108 111 99 107 0 0 0 0 0 0 0 0 0 0 0 0 0 0 0 0 0 0 0 0 0 0 0 0 0 0 0 0 0 0 0 0 0 0 0 0 0 0 0 0 0 0 0 0 0 0 0 0 0 0 0 0 0 0 0 0 0 0 0 0 0 0 0 0 0 0 0 0 0 0 0 0 0 0 0 0 0 0 0 0 0 0 0 0 0 1 0 0 0 0 0 0 0 0 0 0 0 0 0 0 0 1 0 0 0 0 0 0 0 0 0 0 0 0 0 0 0 116 0 0 0 81 95 0 0 1 0 0 0 0 0 0 0 0 0 0 0 2 0 0 0 0 0 3 0 2 0 0 0 16 0 0 0 255 255 255 255 2 0 1 0 0 0 0 0 data 2 0x10002 0xbea oops 0
ciMethodData sun/reflect/generics/factory/CoreReflectionFactory make (Ljava/lang/reflect/GenericDeclaration;Lsun/reflect/generics/scope/Scope;)Lsun/reflect/generics/factory/CoreReflectionFactory; 2 2306 orig 264 56 157 191 107 0 0 0 0 240 191 1 22 0 0 0 0 56 1 0 0 0 0 0 0 0 0 0 0 0 0 0 0 0 0 0 0 0 0 0 0 0 0 0 0 0 0 0 0 0 0 0 0 0 0 0 0 0 0 0 0 0 0 0 0 0 0 0 0 0 0 0 0 0 0 0 0 0 0 0 0 77 68 79 32 101 120 116 114 97 32 100 97 116 97 32 108 111 99 107 0 0 0 0 0 0 0 0 0 0 0 0 0 0 0 0 0 0 0 0 0 0 0 0 0 0 0 0 0 0 0 0 0 0 0 0 0 0 0 0 0 0 0 0 0 0 0 0 0 0 0 0 0 0 0 0 0 0 0 0 0 0 0 0 0 0 0 0 0 0 0 0 0 0 0 0 0 0 0 0 0 0 0 0 0 0 0 0 0 0 0 0 0 0 0 0 0 0 0 0 0 0 0 0 0 0 0 0 0 0 0 0 0 0 0 0 0 116 0 0 0 113 68 0 0 1 0 0 0 0 0 0 0 0 0 0 0 2 0 0 0 0 0 3 0 2 0 0 0 16 0 0 0 255 255 255 255 2 0 6 0 0 0 0 0 data 2 0x60002 0x88e oops 0
ciMethodData sun/reflect/generics/factory/CoreReflectionFactory <init> (Ljava/lang/reflect/GenericDeclaration;Lsun/reflect/generics/scope/Scope;)V 2 2306 orig 264 56 157 191 107 0 0 0 0 64 189 1 22 0 0 0 0 64 1 0 0 0 0 0 0 0 0 0 0 0 0 0 0 0 0 0 0 0 0 0 0 0 0 0 0 0 0 0 0 0 0 0 0 0 0 0 0 0 0 0 0 0 0 0 0 0 0 0 0 0 0 0 0 0 0 0 0 0 0 0 0 77 68 79 32 101 120 116 114 97 32 100 97 116 97 32 108 111 99 107 0 0 0 0 0 0 0 0 0 0 0 0 0 0 0 0 0 0 0 0 0 0 0 0 0 0 0 0 0 0 0 0 0 0 0 0 0 0 0 0 0 0 0 0 0 0 0 0 0 0 0 0 0 0 0 0 0 0 0 0 0 0 0 0 0 0 0 0 0 0 0 0 0 0 0 0 0 0 0 0 0 0 0 0 0 0 0 0 0 0 0 0 0 0 0 0 0 0 0 0 0 0 0 0 0 0 0 0 0 0 0 0 0 0 0 0 0 116 0 0 0 113 68 0 0 1 0 0 0 0 0 0 0 0 0 0 0 2 0 0 0 0 0 0 0 0 0 0 0 16 0 0 0 255 255 255 255 2 0 1 0 0 0 0 0 data 2 0x10002 0x88e oops 0
ciMethodData sun/reflect/generics/repository/MethodRepository make (Ljava/lang/String;Lsun/reflect/generics/factory/GenericsFactory;)Lsun/reflect/generics/repository/MethodRepository; 2 1664 orig 264 56 157 191 107 0 0 0 0 160 209 1 22 0 0 0 0 56 1 0 0 0 0 0 0 0 0 0 0 0 0 0 0 0 0 0 0 0 0 0 0 0 0 0 0 0 0 0 0 0 0 0 0 0 0 0 0 0 0 0 0 0 0 0 0 0 0 0 0 0 0 0 0 0 0 0 0 0 0 0 0 77 68 79 32 101 120 116 114 97 32 100 97 116 97 32 108 111 99 107 0 0 0 0 0 0 0 0 0 0 0 0 0 0 0 0 0 0 0 0 0 0 0 0 0 0 0 0 0 0 0 0 0 0 0 0 0 0 0 0 0 0 0 0 0 0 0 0 0 0 0 0 0 0 0 0 0 0 0 0 0 0 0 0 0 0 0 0 0 0 0 0 0 0 0 0 0 0 0 0 0 0 0 0 0 0 0 0 0 0 0 0 0 0 0 0 0 0 0 0 0 0 0 0 0 0 0 0 0 0 0 0 0 0 0 0 0 38 0 0 0 209 50 0 0 1 0 0 0 0 0 0 0 0 0 0 0 2 0 0 0 0 0 0 0 0 0 0 0 16 0 0 0 255 255 255 255 2 0 6 0 0 0 0 0 data 2 0x60002 0x65a oops 0
ciMethodData sun/reflect/generics/repository/MethodRepository <init> (Ljava/lang/String;Lsun/reflect/generics/factory/GenericsFactory;)V 2 1664 orig 264 56 157 191 107 0 0 0 0 8 209 1 22 0 0 0 0 64 1 0 0 0 0 0 0 0 0 0 0 0 0 0 0 0 0 0 0 0 0 0 0 0 0 0 0 0 0 0 0 0 0 0 0 0 0 0 0 0 0 0 0 0 0 0 0 0 0 0 0 0 0 0 0 0 0 0 0 0 0 0 0 77 68 79 32 101 120 116 114 97 32 100 97 116 97 32 108 111 99 107 0 0 0 0 0 0 0 0 0 0 0 0 0 0 0 0 0 0 0 0 0 0 0 0 0 0 0 0 0 0 0 0 0 0 0 0 0 0 0 0 0 0 0 0 0 0 0 0 0 0 0 0 0 0 0 0 0 0 0 0 0 0 0 0 0 0 0 0 0 0 0 0 0 0 0 0 0 0 0 0 0 0 0 0 0 0 0 0 0 0 0 0 0 0 0 0 0 0 0 0 0 0 0 0 0 0 0 0 0 0 0 0 0 0 0 0 0 38 0 0 0 209 50 0 0 1 0 0 0 0 0 0 0 0 0 0 0 2 0 0 0 0 0 0 0 0 0 0 0 16 0 0 0 255 255 255 255 2 0 3 0 0 0 0 0 data 2 0x30002 0x65a oops 0
ciMethodData sun/reflect/generics/repository/ConstructorRepository <init> (Ljava/lang/String;Lsun/reflect/generics/factory/GenericsFactory;)V 2 1679 orig 264 56 157 191 107 0 0 0 0 184 214 1 22 0 0 0 0 64 1 0 0 0 0 0 0 0 0 0 0 0 0 0 0 0 0 0 0 0 0 0 0 0 0 0 0 0 0 0 0 0 0 0 0 0 0 0 0 0 0 0 0 0 0 0 0 0 0 0 0 0 0 0 0 0 0 0 0 0 0 0 0 77 68 79 32 101 120 116 114 97 32 100 97 116 97 32 108 111 99 107 0 0 0 0 0 0 0 0 0 0 0 0 0 0 0 0 0 0 0 0 0 0 0 0 0 0 0 0 0 0 0 0 0 0 0 0 0 0 0 0 0 0 0 0 0 0 0 0 0 0 0 0 0 0 0 0 0 0 0 0 0 0 0 0 0 0 0 0 0 0 0 0 0 0 0 0 0 0 0 0 0 0 0 0 0 0 0 0 0 0 0 0 0 0 0 0 0 0 0 0 0 0 0 0 0 0 0 0 0 0 0 0 0 0 0 0 0 38 0 0 0 73 51 0 0 1 0 0 0 0 0 0 0 0 0 0 0 2 0 0 0 0 0 0 0 0 0 0 0 16 0 0 0 255 255 255 255 2 0 3 0 0 0 0 0 data 2 0x30002 0x669 oops 0
ciMethodData sun/reflect/generics/repository/GenericDeclRepository <init> (Ljava/lang/String;Lsun/reflect/generics/factory/GenericsFactory;)V 2 1831 orig 264 56 157 191 107 0 0 0 0 88 141 211 21 0 0 0 0 64 1 0 0 0 0 0 0 0 0 0 0 0 0 0 0 0 0 0 0 0 0 0 0 0 0 0 0 0 0 0 0 0 0 0 0 0 0 0 0 0 0 0 0 0 0 0 0 0 0 0 0 0 0 0 0 0 0 0 0 0 0 0 0 77 68 79 32 101 120 116 114 97 32 100 97 116 97 32 108 111 99 107 0 0 0 0 0 0 0 0 0 0 0 0 0 0 0 0 0 0 0 0 0 0 0 0 0 0 0 0 0 0 0 0 0 0 0 0 0 0 0 0 0 0 0 0 0 0 0 0 0 0 0 0 0 0 0 0 0 0 0 0 0 0 0 0 0 0 0 0 0 0 0 0 0 0 0 0 0 0 0 0 0 0 0 0 0 17 0 0 0 0 0 0 0 0 0 0 0 0 0 0 0 0 0 0 0 0 0 0 0 0 0 0 0 0 0 0 0 49 0 0 0 177 55 0 0 1 0 0 0 0 0 0 0 0 0 0 0 2 0 0 0 0 0 0 0 0 0 0 0 16 0 0 0 255 255 255 255 2 0 3 0 0 0 0 0 data 2 0x30002 0x6f6 oops 0
ciMethodData java/lang/Class getTypeParameters ()[Ljava/lang/reflect/TypeVariable; 2 6438 orig 264 56 157 191 107 0 0 0 0 32 203 195 21 0 0 0 0 8 2 0 0 96 0 0 0 0 0 0 0 0 0 0 0 0 0 0 0 0 0 0 0 0 0 0 0 0 0 0 0 0 0 0 0 0 0 0 0 0 0 0 0 0 0 0 0 0 0 0 0 0 0 0 0 0 0 0 0 0 0 0 0 77 68 79 32 101 120 116 114 97 32 100 97 116 97 32 108 111 99 107 0 0 0 0 0 0 0 0 0 0 0 0 0 0 0 0 0 0 0 0 0 0 0 0 0 0 0 0 0 0 0 0 0 0 0 0 0 0 0 0 0 0 0 0 0 0 0 0 0 0 0 0 0 0 0 0 0 0 0 0 0 0 0 0 0 0 0 0 0 0 0 0 0 0 0 0 0 0 0 0 0 0 0 0 0 0 0 0 0 0 0 0 0 0 0 0 0 0 0 0 0 0 0 0 0 0 0 0 0 0 0 0 0 0 0 0 0 81 1 0 0 169 190 0 0 1 0 0 0 0 0 0 0 0 0 0 0 2 0 0 0 0 0 5 0 2 0 0 0 192 0 0 0 255 255 255 255 2 0 1 0 0 0 0 0 data 24 0x10002 0x17d5 0x60007 0xbdc 0x80 0xbf9 0xa0005 0x0 0x1efd4e70 0xbf9 0x0 0x0 0xd0004 0x0 0x1f14f470 0x48 0x0 0x0 0x150004 0x0 0x1f14f470 0xb 0x0 0x0 oops 3 8 sun/reflect/generics/repository/ClassRepository 14 [Ljava/lang/reflect/TypeVariable; 20 [Ljava/lang/reflect/TypeVariable;
ciMethodData sun/reflect/generics/repository/GenericDeclRepository getTypeParameters ()[Ljava/lang/reflect/TypeVariable; 2 5764 orig 264 56 157 191 107 0 0 0 0 72 142 211 21 0 0 0 0 128 3 0 0 128 0 0 0 0 0 0 0 0 0 0 0 0 0 0 0 0 0 0 0 0 0 0 0 0 0 0 0 0 0 0 0 0 0 0 0 0 0 0 0 0 0 0 0 0 0 0 0 0 0 0 0 0 0 0 0 0 0 0 0 77 68 79 32 101 120 116 114 97 32 100 97 116 97 32 108 111 99 107 0 0 0 0 0 0 0 0 0 0 0 0 0 0 0 0 0 0 0 0 0 0 0 0 0 0 0 0 0 0 0 0 0 0 0 0 0 0 0 0 0 0 0 0 0 0 0 0 0 0 0 0 0 0 0 0 0 0 0 0 0 0 0 0 0 0 0 0 0 0 0 0 0 0 0 0 0 0 0 0 0 0 0 0 0 0 0 0 0 0 0 0 0 0 0 0 0 0 0 0 0 0 0 0 0 0 0 0 0 0 0 0 0 0 0 0 0 104 0 0 0 225 176 0 0 25 8 0 0 0 0 0 0 0 0 0 0 2 0 0 0 1 0 11 0 2 0 0 0 56 2 0 0 255 255 255 255 7 0 6 0 0 0 0 0 data 71 0x60007 0x10d1 0x1d8 0x54b 0xa0005 0xb 0x1efd4130 0x4d0 0x1efd4e70 0x70 0xd0004 0x0 0x1aaed0e0 0x4db 0x1aaed190 0x70 0x100005 0x0 0x1aaed0e0 0x4db 0x1aaed190 0x70 0x210007 0x54b 0x128 0x103 0x250005 0x0 0x1efd4e70 0x5d 0x1efd4130 0xa6 0x2f0005 0x0 0x1aaead00 0x103 0x0 0x0 0x360005 0x0 0x1f7bfca0 0x103 0x0 0x0 0x390004 0x0 0x189c2070 0x103 0x0 0x0 0x3c0004 0x0 0x189c2070 0x103 0x0 0x0 0x400003 0x103 0xfffffffffffffef0 0x490005 0x0 0x1f14f470 0x161c 0x0 0x0 0x4c0004 0x0 0x1f14f470 0x161c 0x0 0x0 oops 14 6 sun/reflect/generics/repository/MethodRepository 8 sun/reflect/generics/repository/ClassRepository 12 sun/reflect/generics/tree/MethodTypeSignature 14 sun/reflect/generics/tree/ClassSignature 18 sun/reflect/generics/tree/MethodTypeSignature 20 sun/reflect/generics/tree/ClassSignature 28 sun/reflect/generics/repository/ClassRepository 30 sun/reflect/generics/repository/MethodRepository 34 sun/reflect/generics/tree/FormalTypeParameter 40 sun/reflect/generics/visitor/Reifier 46 sun/reflect/generics/reflectiveObjects/TypeVariableImpl 52 sun/reflect/generics/reflectiveObjects/TypeVariableImpl 61 [Ljava/lang/reflect/TypeVariable; 67 [Ljava/lang/reflect/TypeVariable;
ciMethodData java/lang/Class getFactory ()Lsun/reflect/generics/factory/GenericsFactory; 1 157 orig 264 56 157 191 107 0 0 0 0 248 244 195 21 0 0 0 0 104 1 0 0 0 0 0 0 0 0 0 0 0 0 0 0 0 0 0 0 0 0 0 0 0 0 0 0 0 0 0 0 0 0 0 0 0 0 0 0 0 0 0 0 0 0 0 0 0 0 0 0 0 0 0 0 0 0 0 0 0 0 0 0 77 68 79 32 101 120 116 114 97 32 100 97 116 97 32 108 111 99 107 0 0 0 0 0 0 0 0 0 0 0 0 0 0 0 0 0 0 0 0 0 0 0 0 0 0 0 0 0 0 0 0 0 0 0 0 0 0 0 0 0 0 0 0 0 0 0 0 0 0 0 0 0 0 0 0 0 0 0 0 0 0 0 0 0 0 0 0 0 0 0 0 0 0 0 0 0 0 0 0 0 0 0 0 0 17 0 0 0 0 0 0 0 0 0 0 0 0 0 0 0 0 0 0 0 0 0 0 0 0 0 0 0 0 0 0 0 15 0 0 0 113 4 0 0 1 0 0 0 0 0 0 0 0 0 0 0 2 0 0 0 0 0 0 0 0 0 0 0 32 0 0 0 255 255 255 255 2 0 2 0 0 0 0 0 data 4 0x20002 0x8e 0x50002 0x8e oops 0
ciMethodData sun/reflect/generics/scope/ClassScope make (Ljava/lang/Class;)Lsun/reflect/generics/scope/ClassScope; 2 1487 orig 264 56 157 191 107 0 0 0 0 200 146 2 22 0 0 0 0 48 1 0 0 0 0 0 0 0 0 0 0 0 0 0 0 0 0 0 0 0 0 0 0 0 0 0 0 0 0 0 0 0 0 0 0 0 0 0 0 0 0 0 0 0 0 0 0 0 0 0 0 0 0 0 0 0 0 0 0 0 0 0 0 77 68 79 32 101 120 116 114 97 32 100 97 116 97 32 108 111 99 107 0 0 0 0 0 0 0 0 0 0 0 0 0 0 0 0 0 0 0 0 0 0 0 0 0 0 0 0 0 0 0 0 0 0 0 0 0 0 0 0 0 0 0 0 0 0 0 0 0 0 0 0 0 0 0 0 0 0 0 0 0 0 0 0 0 0 0 0 0 0 0 0 0 0 0 0 0 0 0 0 0 0 0 0 0 13 0 0 0 0 0 0 0 0 0 0 0 0 0 0 0 0 0 0 0 0 0 0 0 0 0 0 0 0 0 0 0 83 0 0 0 225 43 0 0 1 0 0 0 0 0 0 0 0 0 0 0 2 0 0 0 0 0 3 0 2 0 0 0 16 0 0 0 255 255 255 255 2 0 5 0 0 0 0 0 data 2 0x50002 0x57c oops 0
ciMethodData sun/reflect/generics/scope/ClassScope <init> (Ljava/lang/Class;)V 2 1487 orig 264 56 157 191 107 0 0 0 0 96 145 2 22 0 0 0 0 56 1 0 0 0 0 0 0 0 0 0 0 0 0 0 0 0 0 0 0 0 0 0 0 0 0 0 0 0 0 0 0 0 0 0 0 0 0 0 0 0 0 0 0 0 0 0 0 0 0 0 0 0 0 0 0 0 0 0 0 0 0 0 0 77 68 79 32 101 120 116 114 97 32 100 97 116 97 32 108 111 99 107 0 0 0 0 0 0 0 0 0 0 0 0 0 0 0 0 0 0 0 0 0 0 0 0 0 0 0 0 0 0 0 0 0 0 0 0 0 0 0 0 0 0 0 0 0 0 0 0 0 0 0 0 0 0 0 0 0 0 0 0 0 0 0 0 0 0 0 0 0 0 0 0 0 0 0 0 0 0 0 0 0 0 0 0 0 1 0 0 0 0 0 0 0 0 0 0 0 0 0 0 0 1 0 0 0 0 0 0 0 0 0 0 0 0 0 0 0 83 0 0 0 225 43 0 0 1 0 0 0 0 0 0 0 0 0 0 0 2 0 0 0 0 0 3 0 2 0 0 0 16 0 0 0 255 255 255 255 2 0 2 0 0 0 0 0 data 2 0x20002 0x57c oops 0
ciMethodData sun/reflect/generics/repository/ClassRepository make (Ljava/lang/String;Lsun/reflect/generics/factory/GenericsFactory;)Lsun/reflect/generics/repository/ClassRepository; 1 152 orig 264 56 157 191 107 0 0 0 0 64 135 211 21 0 0 0 0 56 1 0 0 0 0 0 0 0 0 0 0 0 0 0 0 0 0 0 0 0 0 0 0 0 0 0 0 0 0 0 0 0 0 0 0 0 0 0 0 0 0 0 0 0 0 0 0 0 0 0 0 0 0 0 0 0 0 0 0 0 0 0 0 77 68 79 32 101 120 116 114 97 32 100 97 116 97 32 108 111 99 107 0 0 0 0 0 0 0 0 0 0 0 0 0 0 0 0 0 0 0 0 0 0 0 0 0 0 0 0 0 0 0 0 0 0 0 0 0 0 0 0 0 0 0 0 0 0 0 0 0 0 0 0 0 0 0 0 0 0 0 0 0 0 0 0 0 0 0 0 0 0 0 0 0 0 0 0 0 0 0 0 0 0 0 0 0 29 0 0 0 0 0 0 0 0 0 0 0 0 0 0 0 0 0 0 0 0 0 0 0 0 0 0 0 0 0 0 0 16 0 0 0 65 4 0 0 1 0 0 0 0 0 0 0 0 0 0 0 2 0 0 0 0 0 0 0 0 0 0 0 16 0 0 0 255 255 255 255 2 0 6 0 0 0 0 0 data 2 0x60002 0x88 oops 0
ciMethodData java/lang/reflect/Method getTypeParameters ()[Ljava/lang/reflect/TypeVariable; 2 4945 orig 264 56 157 191 107 0 0 0 0 248 31 199 21 0 0 0 0 56 2 0 0 144 0 0 0 0 0 0 0 0 0 0 0 0 0 0 0 0 0 0 0 0 0 0 0 0 0 0 0 0 0 0 0 0 0 0 0 0 0 0 0 0 0 0 0 0 0 0 0 0 0 0 0 0 0 0 0 0 0 0 0 77 68 79 32 101 120 116 114 97 32 100 97 116 97 32 108 111 99 107 0 0 0 0 0 0 0 0 0 0 0 0 0 0 0 0 0 0 0 0 0 0 0 0 0 0 0 0 0 0 0 0 0 0 0 0 0 0 0 0 0 0 0 0 0 0 0 0 0 0 0 0 0 0 0 0 0 0 0 0 0 0 0 0 0 0 0 0 0 0 0 0 0 0 0 0 0 0 0 0 0 0 0 0 0 0 0 0 0 0 0 0 0 0 0 0 0 0 0 0 0 0 0 0 0 0 0 0 0 0 0 0 0 0 0 0 0 5 1 0 0 97 146 0 0 1 0 0 0 0 0 0 0 0 0 0 0 2 0 0 0 0 0 9 0 2 0 0 0 240 0 0 0 255 255 255 255 2 0 1 0 0 0 0 0 data 30 0x10002 0x124c 0x40007 0x874 0xb0 0x9d8 0x80005 0x1 0x16504df0 0x9d7 0x0 0x0 0xb0005 0x0 0x1efd4130 0x9d8 0x0 0x0 0xe0004 0x0 0x1f14f470 0x1 0x0 0x0 0x160004 0x0 0x1f14f470 0x5 0x0 0x0 oops 4 8 java/lang/reflect/Method 14 sun/reflect/generics/repository/MethodRepository 20 [Ljava/lang/reflect/TypeVariable; 26 [Ljava/lang/reflect/TypeVariable;
ciMethodData sun/reflect/generics/visitor/Reifier make (Lsun/reflect/generics/factory/GenericsFactory;)Lsun/reflect/generics/visitor/Reifier; 2 5532 orig 264 56 157 191 107 0 0 0 0 232 98 2 22 0 0 0 0 48 1 0 0 0 0 0 0 0 0 0 0 0 0 0 0 0 0 0 0 0 0 0 0 0 0 0 0 0 0 0 0 0 0 0 0 0 0 0 0 0 0 0 0 0 0 0 0 0 0 0 0 0 0 0 0 0 0 0 0 0 0 0 0 77 68 79 32 101 120 116 114 97 32 100 97 116 97 32 108 111 99 107 0 0 0 0 0 0 0 0 0 0 0 0 0 0 0 0 0 0 0 0 0 0 0 0 0 0 0 0 0 0 0 0 0 0 0 0 0 0 0 0 0 0 0 0 0 0 0 0 0 0 0 0 0 0 0 0 0 0 0 0 0 0 0 0 0 0 0 0 0 0 0 0 0 0 0 0 0 0 0 0 0 0 0 0 0 0 0 0 0 0 0 0 0 0 0 0 0 0 0 0 0 0 0 0 0 0 0 0 0 0 0 0 0 0 0 0 0 0 1 0 0 225 164 0 0 1 0 0 0 0 0 0 0 0 0 0 0 2 0 0 0 0 0 3 0 2 0 0 0 16 0 0 0 255 255 255 255 2 0 5 0 0 0 0 0 data 2 0x50002 0x149c oops 0
ciMethodData sun/reflect/generics/visitor/Reifier <init> (Lsun/reflect/generics/factory/GenericsFactory;)V 2 5532 orig 264 56 157 191 107 0 0 0 0 184 97 2 22 0 0 0 0 56 1 0 0 0 0 0 0 0 0 0 0 0 0 0 0 0 0 0 0 0 0 0 0 0 0 0 0 0 0 0 0 0 0 0 0 0 0 0 0 0 0 0 0 0 0 0 0 0 0 0 0 0 0 0 0 0 0 0 0 0 0 0 0 77 68 79 32 101 120 116 114 97 32 100 97 116 97 32 108 111 99 107 0 0 0 0 0 0 0 0 0 0 0 0 0 0 0 0 0 0 0 0 0 0 0 0 0 0 0 0 0 0 0 0 0 0 0 0 0 0 0 0 0 0 0 0 0 0 0 0 0 0 0 0 0 0 0 0 0 0 0 0 0 0 0 0 0 0 0 0 0 0 0 0 0 0 0 0 0 0 0 0 0 0 0 0 0 0 0 0 0 0 0 0 0 0 0 0 0 0 0 0 0 0 0 0 0 0 0 0 0 0 0 0 0 0 0 0 0 255 0 0 0 233 164 0 0 1 0 0 0 0 0 0 0 0 0 0 0 2 0 0 0 0 0 0 0 0 0 0 0 16 0 0 0 255 255 255 255 2 0 1 0 0 0 0 0 data 2 0x10002 0x149d oops 0
ciMethodData sun/reflect/generics/visitor/Reifier getResult ()Ljava/lang/reflect/Type; 2 5532 orig 264 56 157 191 107 0 0 0 0 80 100 2 22 0 0 0 0 112 1 0 0 0 0 0 0 0 0 0 0 0 0 0 0 0 0 0 0 0 0 0 0 0 0 0 0 0 0 0 0 0 0 0 0 0 0 0 0 0 0 0 0 0 0 0 0 0 0 0 0 0 0 0 0 0 0 0 0 0 0 0 0 77 68 79 32 101 120 116 114 97 32 100 97 116 97 32 108 111 99 107 0 0 0 0 0 0 0 0 0 0 0 0 0 0 0 0 0 0 0 0 0 0 0 0 0 0 0 0 0 0 0 0 0 0 0 0 0 0 0 0 0 0 0 0 0 0 0 0 0 0 0 0 0 0 0 0 0 0 0 0 0 0 0 0 0 0 0 0 0 0 0 0 0 0 0 0 0 0 0 0 0 0 0 0 0 0 0 0 0 0 0 0 0 0 0 0 0 0 0 0 0 0 0 0 0 0 0 0 0 0 0 0 0 0 0 0 0 0 1 0 0 225 164 0 0 1 0 0 0 0 0 0 0 0 0 0 0 2 0 0 0 0 0 4 0 2 0 0 0 80 0 0 0 255 255 255 255 7 0 3 0 0 0 0 0 data 10 0x30007 0x149c 0x50 0x0 0xa0007 0x0 0x30 0x0 0x110002 0x0 oops 0
ciMethodData sun/reflect/generics/repository/AbstractRepository getReifier ()Lsun/reflect/generics/visitor/Reifier; 2 3540 orig 264 56 157 191 107 0 0 0 0 80 146 211 21 0 0 0 0 104 1 0 0 0 0 0 0 0 0 0 0 0 0 0 0 0 0 0 0 0 0 0 0 0 0 0 0 0 0 0 0 0 0 0 0 0 0 0 0 0 0 0 0 0 0 0 0 0 0 0 0 0 0 0 0 0 0 0 0 0 0 0 0 77 68 79 32 101 120 116 114 97 32 100 97 116 97 32 108 111 99 107 0 0 0 0 0 0 0 0 0 0 0 0 0 0 0 0 0 0 0 0 0 0 0 0 0 0 0 0 0 0 0 0 0 0 0 0 0 0 0 0 0 0 0 0 0 0 0 0 0 0 0 0 0 0 0 0 0 0 0 0 0 0 0 0 0 0 0 0 0 0 0 0 0 0 0 0 0 0 0 0 0 0 0 0 0 0 0 0 0 0 0 0 0 0 0 0 0 0 0 0 0 0 0 0 0 0 0 0 0 0 0 0 0 0 0 0 0 188 0 0 0 193 104 0 0 1 0 0 0 0 0 0 0 0 0 0 0 2 0 0 0 0 0 3 0 2 0 0 0 32 0 0 0 255 255 255 255 2 0 1 0 0 0 0 0 data 4 0x10002 0xd18 0x40002 0xd18 oops 0
ciMethodData sun/reflect/generics/tree/FormalTypeParameter accept (Lsun/reflect/generics/visitor/TypeTreeVisitor;)V 1 270 orig 264 56 157 191 107 0 0 0 0 40 33 2 22 0 0 0 0 128 1 0 0 0 0 0 0 0 0 0 0 0 0 0 0 0 0 0 0 0 0 0 0 0 0 0 0 0 0 0 0 0 0 0 0 0 0 0 0 0 0 0 0 0 0 0 0 0 0 0 0 0 0 0 0 0 0 0 0 0 0 0 0 77 68 79 32 101 120 116 114 97 32 100 97 116 97 32 108 111 99 107 0 0 0 0 0 0 0 0 0 0 0 0 0 0 0 0 0 0 0 0 0 0 0 0 0 0 0 0 0 0 0 0 0 0 0 0 0 0 0 0 0 0 0 0 0 0 0 0 0 0 0 0 0 0 0 0 0 0 0 0 0 0 0 0 0 0 0 0 0 0 0 0 0 0 0 0 0 0 0 0 0 0 0 0 0 17 0 0 0 0 0 0 0 0 0 0 0 0 0 0 0 0 0 0 0 0 0 0 0 0 0 0 0 0 0 0 0 18 0 0 0 225 7 0 0 1 0 0 0 0 0 0 0 0 0 0 0 2 0 0 0 0 0 0 0 0 0 0 0 48 0 0 0 255 255 255 255 5 0 2 0 0 0 0 0 data 6 0x20005 0x0 0x1f7bfca0 0xfc 0x0 0x0 oops 1 2 sun/reflect/generics/visitor/Reifier
ciMethodData sun/reflect/generics/visitor/Reifier visitFormalTypeParameter (Lsun/reflect/generics/tree/FormalTypeParameter;)V 1 270 orig 264 56 157 191 107 0 0 0 0 248 100 2 22 0 0 0 0 240 1 0 0 0 0 0 0 0 0 0 0 0 0 0 0 0 0 0 0 0 0 0 0 0 0 0 0 0 0 0 0 0 0 0 0 0 0 0 0 0 0 0 0 0 0 0 0 0 0 0 0 0 0 0 0 0 0 0 0 0 0 0 0 77 68 79 32 101 120 116 114 97 32 100 97 116 97 32 108 111 99 107 0 0 0 0 0 0 0 0 0 0 0 0 0 0 0 0 0 0 0 0 0 0 0 0 0 0 0 0 0 0 0 0 0 0 0 0 0 0 0 0 0 0 0 0 0 0 0 0 0 0 0 0 0 0 0 0 0 0 0 0 0 0 0 0 0 0 0 0 0 0 0 0 0 0 0 0 0 0 0 0 0 0 0 0 0 0 0 0 0 0 0 0 0 0 0 0 0 0 0 0 0 0 0 0 0 0 0 0 0 0 0 0 0 0 0 0 0 18 0 0 0 225 7 0 0 1 0 0 0 0 0 0 0 0 0 0 0 2 0 0 0 0 0 0 0 0 0 0 0 160 0 0 0 255 255 255 255 2 0 2 0 0 0 0 0 data 20 0x20002 0xfc 0x60005 0x0 0x1aaead00 0xfc 0x0 0x0 0xa0005 0x0 0x1aaead00 0xfc 0x0 0x0 0xd0005 0x0 0x1eb8e860 0xfc 0x0 0x0 oops 3 4 sun/reflect/generics/tree/FormalTypeParameter 10 sun/reflect/generics/tree/FormalTypeParameter 16 sun/reflect/generics/factory/CoreReflectionFactory
ciMethod org/gradle/model/internal/type/ModelType wrap (Ljava/lang/reflect/Type;)Lorg/gradle/model/internal/type/TypeWrapper; 2073 1 14351 0 0
ciMethod org/gradle/model/internal/type/ModelType toWrappers ([Ljava/lang/reflect/Type;)[Lorg/gradle/model/internal/type/TypeWrapper; 97 81 4081 0 0
ciMethod org/gradle/model/internal/type/ClassTypeWrapper <init> (Ljava/lang/Class;)V 1945 1 9834 0 0
ciMethod org/gradle/model/internal/type/ClassTypeWrapper hashCode ()I 1041 1 130 0 0
ciMethod sun/reflect/generics/scope/ConstructorScope make (Ljava/lang/reflect/Constructor;)Lsun/reflect/generics/scope/ConstructorScope; 185 1 15 0 -1
ciMethodData java/util/Arrays hashCode ([Ljava/lang/Object;)I 2 9256 orig 264 56 157 191 107 0 0 0 0 88 176 212 21 0 0 0 0 8 2 0 0 0 0 0 0 0 0 0 0 0 0 0 0 0 0 0 0 0 0 0 0 0 0 0 0 0 0 0 0 0 0 0 0 0 0 0 0 0 0 0 0 0 0 0 0 0 0 0 0 0 0 0 0 0 0 0 0 0 0 0 0 77 68 79 32 101 120 116 114 97 32 100 97 116 97 32 108 111 99 107 0 0 0 0 0 0 0 0 0 0 0 0 0 0 0 0 0 0 0 0 0 0 0 0 0 0 0 0 0 0 0 0 0 0 0 0 0 0 0 0 0 0 0 0 0 0 0 0 0 0 0 0 0 0 0 0 0 0 0 0 0 0 0 0 0 0 0 0 0 0 0 0 0 0 0 0 0 0 0 0 0 0 0 0 0 0 0 0 0 0 0 0 0 0 0 0 0 0 0 0 0 0 0 0 0 0 0 0 0 0 0 0 0 0 0 0 0 0 1 0 0 169 196 0 0 9 26 1 0 0 0 0 0 0 0 0 0 2 0 0 0 1 0 11 0 2 0 0 0 192 0 0 0 255 255 255 255 7 0 1 0 0 0 0 0 data 24 0x10007 0x1895 0x20 0x0 0x130007 0x1894 0xa0 0x2341 0x220007 0x1e7a 0x38 0x4c7 0x260003 0x4c7 0x48 0x2b0005 0x2d4 0x165037c0 0xc87 0x16503730 0xf1e 0x330003 0x2340 0xffffffffffffff78 oops 2 17 java/lang/Class 19 java/lang/String
ciMethod org/gradle/model/internal/type/ParameterizedTypeWrapper <init> ([Lorg/gradle/model/internal/type/TypeWrapper;Lorg/gradle/model/internal/type/ClassTypeWrapper;Lorg/gradle/model/internal/type/TypeWrapper;)V 65 1 1063 0 0
ciMethod org/gradle/model/internal/type/ParameterizedTypeWrapper hashCode ([Lorg/gradle/model/internal/type/TypeWrapper;Lorg/gradle/model/internal/type/ClassTypeWrapper;Lorg/gradle/model/internal/type/TypeWrapper;)I 65 65 1063 0 0
ciMethod org/gradle/model/internal/type/WildcardTypeWrapper <init> ([Lorg/gradle/model/internal/type/TypeWrapper;[Lorg/gradle/model/internal/type/TypeWrapper;I)V 17 1 683 0 0
ciMethodData sun/reflect/generics/tree/ClassTypeSignature accept (Lsun/reflect/generics/visitor/TypeTreeVisitor;)V 2 3162 orig 264 56 157 191 107 0 0 0 0 96 54 2 22 0 0 0 0 128 1 0 0 0 0 0 0 0 0 0 0 0 0 0 0 0 0 0 0 0 0 0 0 0 0 0 0 0 0 0 0 0 0 0 0 0 0 0 0 0 0 0 0 0 0 0 0 0 0 0 0 0 0 0 0 0 0 0 0 0 0 0 0 77 68 79 32 101 120 116 114 97 32 100 97 116 97 32 108 111 99 107 0 0 0 0 0 0 0 0 0 0 0 0 0 0 0 0 0 0 0 0 0 0 0 0 0 0 0 0 0 0 0 0 0 0 0 0 0 0 0 0 0 0 0 0 0 0 0 0 0 0 0 0 0 0 0 0 0 0 0 0 0 0 0 0 0 0 0 0 0 0 0 0 0 0 0 0 0 0 0 0 0 0 0 0 0 0 0 0 0 0 0 0 0 0 0 0 0 0 0 0 0 0 0 0 0 0 0 0 0 0 0 0 0 0 0 0 0 128 1 0 0 209 86 0 0 1 0 0 0 0 0 0 0 0 0 0 0 2 0 0 0 0 0 3 0 2 0 0 0 48 0 0 0 255 255 255 255 5 0 2 0 0 0 0 0 data 6 0x20005 0x0 0x1f7bfca0 0xada 0x0 0x0 oops 1 2 sun/reflect/generics/visitor/Reifier
ciMethodData sun/reflect/generics/visitor/Reifier visitClassTypeSignature (Lsun/reflect/generics/tree/ClassTypeSignature;)V 2 3162 orig 264 56 157 191 107 0 0 0 0 32 103 2 22 0 0 0 0 232 10 0 0 184 6 0 0 0 0 0 0 0 0 0 0 0 0 0 0 0 0 0 0 0 0 0 0 0 0 0 0 0 0 0 0 0 0 0 0 0 0 0 0 0 0 0 0 0 0 0 0 0 0 0 0 0 0 0 0 0 0 0 0 77 68 79 32 101 120 116 114 97 32 100 97 116 97 32 108 111 99 107 0 0 0 0 0 0 0 0 0 0 0 0 0 0 0 0 0 0 0 0 0 0 0 0 0 0 0 0 0 0 0 0 0 0 0 0 0 0 0 0 0 0 0 0 0 0 0 0 0 0 0 0 0 0 0 0 0 0 0 0 0 0 0 0 0 0 0 0 0 0 0 0 0 0 0 0 0 0 0 0 0 0 0 0 0 0 0 0 0 0 0 0 0 0 0 0 0 0 0 0 0 0 0 0 0 0 0 0 0 0 0 0 0 0 0 0 0 128 1 0 0 209 86 0 0 1 0 0 0 0 0 0 0 0 0 0 0 2 0 0 0 2 0 31 0 2 0 0 0 152 9 0 0 255 255 255 255 5 0 1 0 0 0 0 0 data 307 0x10005 0x0 0x19d1e710 0xada 0x0 0x0 0x80007 0xada 0x80 0x0 0xc0005 0x0 0x0 0x0 0x0 0x0 0x110007 0x0 0x30 0x0 0x180002 0x0 0x1d0005 0x0 0x18b9f550 0xada 0x0 0x0 0x240005 0x0 0x18b9f600 0xada 0x0 0x0 0x290004 0x0 0x1f7c0ae0 0xada 0x0 0x0 0x340005 0x0 0x1f7c0ae0 0xada 0x0 0x0 0x370002 0xada 0x3e0005 0x0 0x1f7c0ae0 0xada 0x0 0x0 0x440005 0x0 0x18b9f600 0xada 0x0 0x0 0x490007 0xada 0x1e0 0x0 0x4e0005 0x0 0x0 0x0 0x0 0x0 0x520007 0x0 0x190 0x0 0x560005 0x0 0x0 0x0 0x0 0x0 0x5b0004 0x0 0x0 0x0 0x0 0x0 0x620005 0x0 0x0 0x0 0x0 0x0 0x6b0007 0x0 0x38 0x0 0x700003 0x0 0x18 0x750005 0x0 0x0 0x0 0x0 0x0 0x7a0005 0x0 0x0 0x0 0x0 0x0 0x7d0005 0x0 0x0 0x0 0x0 0x0 0x810003 0x0 0xfffffffffffffe08 0x870007 0xada 0xd0 0x0 0x8b0005 0x0 0x0 0x0 0x0 0x0 0x900007 0x0 0x80 0x0 0x950005 0x0 0x0 0x0 0x0 0x0 0x990007 0x0 0x30 0x0 0xa00002 0x0 0xa50002 0xada 0xaa0005 0x0 0x178d4e20 0xada 0x0 0x0 0xad0005 0x0 0x1eb8e860 0xada 0x0 0x0 0xb60005 0x0 0x1f7c0ae0 0xada 0x0 0x0 0xba0007 0x547 0xb8 0x593 0xc00007 0x593 0x80 0x0 0xc40005 0x0 0x0 0x0 0x0 0x0 0xc90007 0x0 0x30 0x0 0xd00002 0x0 0xda0003 0x593 0x3c8 0xe00007 0x547 0x80 0x0 0xe50005 0x0 0x0 0x0 0x0 0x0 0xe90007 0x0 0x30 0x0 0xf00002 0x0 0xf70005 0x0 0x1f7c0ae0 0x547 0x0 0x0 0xfa0002 0x547 0x1000002 0x547 0x1080005 0x0 0x1eb8e860 0x547 0x0 0x0 0x1130005 0x0 0x18b9f600 0x547 0x0 0x0 0x1180007 0x547 0x280 0x0 0x11c0005 0x0 0x0 0x0 0x0 0x0 0x1210004 0x0 0x0 0x0 0x0 0x0 0x1280005 0x0 0x0 0x0 0x0 0x0 0x1310007 0x0 0x38 0x0 0x1360003 0x0 0x18 0x13b0005 0x0 0x0 0x0 0x0 0x0 0x1400005 0x0 0x0 0x0 0x0 0x0 0x1430005 0x0 0x0 0x0 0x0 0x0 0x1480002 0x0 0x14d0005 0x0 0x0 0x0 0x0 0x0 0x1500005 0x0 0x0 0x0 0x0 0x0 0x15a0005 0x0 0x0 0x0 0x0 0x0 0x15d0002 0x0 0x1630002 0x0 0x16c0005 0x0 0x0 0x0 0x0 0x0 0x1730003 0x0 0xfffffffffffffd68 oops 13 2 sun/reflect/generics/tree/ClassTypeSignature 24 java/util/ArrayList 30 java/util/ArrayList$Itr 36 sun/reflect/generics/tree/SimpleClassTypeSignature 42 sun/reflect/generics/tree/SimpleClassTypeSignature 50 sun/reflect/generics/tree/SimpleClassTypeSignature 56 java/util/ArrayList$Itr 150 java/lang/StringBuilder 156 sun/reflect/generics/factory/CoreReflectionFactory 162 sun/reflect/generics/tree/SimpleClassTypeSignature 207 sun/reflect/generics/tree/SimpleClassTypeSignature 217 sun/reflect/generics/factory/CoreReflectionFactory 223 java/util/ArrayList$Itr
ciMethod sun/reflect/generics/reflectiveObjects/GenericArrayTypeImpl getGenericComponentType ()Ljava/lang/reflect/Type; 1153 1 144 0 0
ciMethod sun/reflect/generics/reflectiveObjects/GenericArrayTypeImpl hashCode ()I 593 1 74 0 0
ciMethodData sun/reflect/generics/reflectiveObjects/ParameterizedTypeImpl getActualTypeArguments ()[Ljava/lang/reflect/Type; 2 2766 orig 264 56 157 191 107 0 0 0 0 32 132 2 22 0 0 0 0 168 1 0 0 0 0 0 0 0 0 0 0 0 0 0 0 0 0 0 0 0 0 0 0 0 0 0 0 0 0 0 0 0 0 0 0 0 0 0 0 0 0 0 0 0 0 0 0 0 0 0 0 0 0 0 0 0 0 0 0 0 0 0 0 77 68 79 32 101 120 116 114 97 32 100 97 116 97 32 108 111 99 107 0 0 0 0 0 0 0 0 0 0 0 0 0 0 0 0 0 0 0 0 0 0 0 0 0 0 0 0 0 0 0 0 0 0 0 0 0 0 0 0 0 0 0 0 0 0 0 0 0 0 0 0 0 0 0 0 0 0 0 0 0 0 0 0 0 0 0 0 0 0 0 0 0 0 0 0 0 0 0 0 0 0 0 0 0 0 0 0 0 0 0 0 0 0 0 0 0 0 0 0 0 0 0 0 0 0 0 0 0 0 0 0 0 0 0 0 0 1 1 0 0 105 78 0 0 1 0 0 0 0 0 0 0 0 0 0 0 2 0 0 0 0 0 3 0 2 0 0 0 96 0 0 0 255 255 255 255 5 0 4 0 0 0 0 0 data 12 0x40005 0x0 0x189c5e00 0x994 0x1f14f470 0x39 0x70004 0x0 0x189c5e00 0x994 0x1f14f470 0x39 oops 4 2 [Ljava/lang/reflect/Type; 4 [Ljava/lang/reflect/TypeVariable; 8 [Ljava/lang/reflect/Type; 10 [Ljava/lang/reflect/TypeVariable;
ciMethod org/gradle/model/internal/type/TypeVariableTypeWrapper <init> (Ljava/lang/String;[Lorg/gradle/model/internal/type/TypeWrapper;I)V 17 1 1654 0 0
ciMethodData sun/reflect/generics/reflectiveObjects/WildcardTypeImpl getLowerBounds ()[Ljava/lang/reflect/Type; 2 3099 orig 264 56 157 191 107 0 0 0 0 224 109 120 30 0 0 0 0 208 2 0 0 32 0 0 0 0 0 0 0 0 0 0 0 0 0 0 0 0 0 0 0 0 0 0 0 0 0 0 0 0 0 0 0 0 0 0 0 0 0 0 0 0 0 0 0 0 0 0 0 0 0 0 0 0 0 0 0 0 0 0 0 77 68 79 32 101 120 116 114 97 32 100 97 116 97 32 108 111 99 107 0 0 0 0 0 0 0 0 0 0 0 0 0 0 0 0 0 0 0 0 0 0 0 0 0 0 0 0 0 0 0 0 0 0 0 0 0 0 0 0 0 0 0 0 0 0 0 0 0 0 0 0 0 0 0 0 0 0 0 0 0 0 0 0 0 0 0 0 0 0 0 0 0 0 0 0 0 0 0 0 0 0 0 0 0 0 0 0 0 0 0 0 0 0 0 0 0 0 0 0 0 0 0 0 0 0 0 0 0 0 0 0 0 0 0 0 0 0 1 0 0 217 88 0 0 241 12 0 0 0 0 0 0 0 0 0 0 2 0 0 0 1 0 13 0 2 0 0 0 136 1 0 0 255 255 255 255 7 0 4 0 0 0 0 0 data 49 0x40007 0x802 0x128 0x319 0x80002 0x319 0x170007 0x319 0xf8 0x19e 0x1b0005 0x0 0x189c1fc0 0x19e 0x0 0x0 0x250005 0x0 0x1f7c0b90 0x14b 0x19d1e710 0x53 0x2e0005 0x0 0x1f7bfca0 0x19e 0x0 0x0 0x310004 0x0 0x189c2070 0x14b 0x165037c0 0x52 0x350003 0x19e 0xffffffffffffff20 0x410005 0x0 0x189c5e00 0xb1b 0x0 0x0 0x440004 0x0 0x189c5e00 0xb1b 0x0 0x0 oops 8 12 sun/reflect/generics/reflectiveObjects/WildcardTypeImpl 18 sun/reflect/generics/tree/TypeVariableSignature 20 sun/reflect/generics/tree/ClassTypeSignature 24 sun/reflect/generics/visitor/Reifier 30 sun/reflect/generics/reflectiveObjects/TypeVariableImpl 32 java/lang/Class 39 [Ljava/lang/reflect/Type; 45 [Ljava/lang/reflect/Type;
ciMethodData sun/reflect/generics/reflectiveObjects/WildcardTypeImpl getLowerBoundASTs ()[Lsun/reflect/generics/tree/FieldTypeSignature; 1 868 orig 264 56 157 191 107 0 0 0 0 32 108 120 30 0 0 0 0 112 1 0 0 0 0 0 0 0 0 0 0 0 0 0 0 0 0 0 0 0 0 0 0 0 0 0 0 0 0 0 0 0 0 0 0 0 0 0 0 0 0 0 0 0 0 0 0 0 0 0 0 0 0 0 0 0 0 0 0 0 0 0 0 77 68 79 32 101 120 116 114 97 32 100 97 116 97 32 108 111 99 107 0 0 0 0 0 0 0 0 0 0 0 0 0 0 0 0 0 0 0 0 0 0 0 0 0 0 0 0 0 0 0 0 0 0 0 0 0 0 0 0 0 0 0 0 0 0 0 0 0 0 0 0 0 0 0 0 0 0 0 0 0 0 0 0 0 0 0 0 0 0 0 0 0 0 0 0 0 0 0 0 0 0 0 0 0 0 0 0 0 0 0 0 0 0 0 0 0 0 0 0 0 0 0 0 0 0 0 0 0 0 0 0 0 0 0 0 0 75 0 0 0 201 24 0 0 1 0 0 0 0 0 0 0 0 0 0 0 2 0 0 0 0 0 0 0 0 0 0 0 80 0 0 0 255 255 255 255 7 0 3 0 0 0 0 0 data 10 0x30007 0x319 0x50 0x0 0xa0007 0x0 0x30 0x0 0x110002 0x0 oops 0
ciMethodData sun/reflect/generics/reflectiveObjects/LazyReflectiveObjectGenerator getReifier ()Lsun/reflect/generics/visitor/Reifier; 2 1516 orig 264 56 157 191 107 0 0 0 0 56 197 2 22 0 0 0 0 104 1 0 0 0 0 0 0 0 0 0 0 0 0 0 0 0 0 0 0 0 0 0 0 0 0 0 0 0 0 0 0 0 0 0 0 0 0 0 0 0 0 0 0 0 0 0 0 0 0 0 0 0 0 0 0 0 0 0 0 0 0 0 0 77 68 79 32 101 120 116 114 97 32 100 97 116 97 32 108 111 99 107 0 0 0 0 0 0 0 0 0 0 0 0 0 0 0 0 0 0 0 0 0 0 0 0 0 0 0 0 0 0 0 0 0 0 0 0 0 0 0 0 0 0 0 0 0 0 0 0 0 0 0 0 0 0 0 0 0 0 0 0 0 0 0 0 0 0 0 0 0 0 0 0 0 0 0 0 0 0 0 0 0 0 0 0 0 0 0 0 0 0 0 0 0 0 0 0 0 0 0 0 0 0 0 0 0 0 0 0 0 0 0 0 0 0 0 0 0 139 0 0 0 9 43 0 0 1 0 0 0 0 0 0 0 0 0 0 0 2 0 0 0 0 0 0 0 0 0 0 0 32 0 0 0 255 255 255 255 2 0 1 0 0 0 0 0 data 4 0x10002 0x561 0x40002 0x561 oops 0
ciMethodData sun/reflect/generics/reflectiveObjects/TypeVariableImpl hashCode ()I 2 2606 orig 264 56 157 191 107 0 0 0 0 200 186 2 22 0 0 0 0 168 1 0 0 0 0 0 0 0 0 0 0 0 0 0 0 0 0 0 0 0 0 0 0 0 0 0 0 0 0 0 0 0 0 0 0 0 0 0 0 0 0 0 0 0 0 0 0 0 0 0 0 0 0 0 0 0 0 0 0 0 0 0 0 77 68 79 32 101 120 116 114 97 32 100 97 116 97 32 108 111 99 107 0 0 0 0 0 0 0 0 0 0 0 0 0 0 0 0 0 0 0 0 0 0 0 0 0 0 0 0 0 0 0 0 0 0 0 0 0 0 0 0 0 0 0 0 0 0 0 0 0 0 0 0 0 0 0 0 0 0 0 0 0 0 0 0 0 0 0 0 0 0 0 0 0 0 0 0 0 0 0 0 0 0 0 0 0 0 0 0 0 0 0 0 0 0 0 0 0 0 0 0 0 0 0 0 0 0 0 0 0 0 0 0 0 0 0 0 0 2 1 0 0 97 73 0 0 1 0 0 0 0 0 0 0 0 0 0 0 2 0 0 0 0 0 3 0 2 0 0 0 96 0 0 0 255 255 255 255 5 0 4 0 0 0 0 0 data 12 0x40005 0x0 0x165037c0 0x7ae 0x16504df0 0x17e 0xb0005 0x0 0x16503730 0x92c 0x0 0x0 oops 3 2 java/lang/Class 4 java/lang/reflect/Method 8 java/lang/String
ciMethodData sun/reflect/generics/reflectiveObjects/WildcardTypeImpl getUpperBounds ()[Ljava/lang/reflect/Type; 2 2560 orig 264 56 157 191 107 0 0 0 0 0 109 120 30 0 0 0 0 208 2 0 0 32 0 0 0 0 0 0 0 0 0 0 0 0 0 0 0 0 0 0 0 0 0 0 0 0 0 0 0 0 0 0 0 0 0 0 0 0 0 0 0 0 0 0 0 0 0 0 0 0 0 0 0 0 0 0 0 0 0 0 0 77 68 79 32 101 120 116 114 97 32 100 97 116 97 32 108 111 99 107 0 0 0 0 0 0 0 0 0 0 0 0 0 0 0 0 0 0 0 0 0 0 0 0 0 0 0 0 0 0 0 0 0 0 0 0 0 0 0 0 0 0 0 0 0 0 0 0 0 0 0 0 0 0 0 0 0 0 0 0 0 0 0 0 0 0 0 0 0 0 0 0 0 0 0 0 0 0 0 0 0 0 0 0 0 0 0 0 0 0 0 0 0 0 0 0 0 0 0 0 0 0 0 0 0 0 0 0 0 0 0 0 0 0 0 0 0 0 1 0 0 1 72 0 0 113 24 0 0 0 0 0 0 0 0 0 0 2 0 0 0 1 0 13 0 2 0 0 0 136 1 0 0 255 255 255 255 7 0 4 0 0 0 0 0 data 49 0x40007 0x5f2 0x128 0x30e 0x80002 0x30e 0x170007 0x30e 0xf8 0x30e 0x1b0005 0x0 0x189c1fc0 0x30e 0x0 0x0 0x250005 0xc 0x1f7c0ae0 0x253 0x1f7c0b90 0xaf 0x2e0005 0x0 0x1f7bfca0 0x30e 0x0 0x0 0x310004 0x0 0x165037c0 0x25f 0x189c2070 0xaf 0x350003 0x30e 0xffffffffffffff20 0x410005 0x0 0x189c5e00 0x900 0x0 0x0 0x440004 0x0 0x189c5e00 0x900 0x0 0x0 oops 8 12 sun/reflect/generics/reflectiveObjects/WildcardTypeImpl 18 sun/reflect/generics/tree/SimpleClassTypeSignature 20 sun/reflect/generics/tree/TypeVariableSignature 24 sun/reflect/generics/visitor/Reifier 30 java/lang/Class 32 sun/reflect/generics/reflectiveObjects/TypeVariableImpl 39 [Ljava/lang/reflect/Type; 45 [Ljava/lang/reflect/Type;
ciMethodData sun/reflect/generics/reflectiveObjects/WildcardTypeImpl getUpperBoundASTs ()[Lsun/reflect/generics/tree/FieldTypeSignature; 1 866 orig 264 56 157 191 107 0 0 0 0 120 107 120 30 0 0 0 0 112 1 0 0 0 0 0 0 0 0 0 0 0 0 0 0 0 0 0 0 0 0 0 0 0 0 0 0 0 0 0 0 0 0 0 0 0 0 0 0 0 0 0 0 0 0 0 0 0 0 0 0 0 0 0 0 0 0 0 0 0 0 0 0 77 68 79 32 101 120 116 114 97 32 100 97 116 97 32 108 111 99 107 0 0 0 0 0 0 0 0 0 0 0 0 0 0 0 0 0 0 0 0 0 0 0 0 0 0 0 0 0 0 0 0 0 0 0 0 0 0 0 0 0 0 0 0 0 0 0 0 0 0 0 0 0 0 0 0 0 0 0 0 0 0 0 0 0 0 0 0 0 0 0 0 0 0 0 0 0 0 0 0 0 0 0 0 0 0 0 0 0 0 0 0 0 0 0 0 0 0 0 0 0 0 0 0 0 0 0 0 0 0 0 0 0 0 0 0 0 84 0 0 0 113 24 0 0 1 0 0 0 0 0 0 0 0 0 0 0 2 0 0 0 0 0 0 0 0 0 0 0 80 0 0 0 255 255 255 255 7 0 3 0 0 0 0 0 data 10 0x30007 0x30e 0x50 0x0 0xa0007 0x0 0x30 0x0 0x110002 0x0 oops 0
ciMethodData java/lang/reflect/Method hashCode ()I 2 3708 orig 264 56 157 191 107 0 0 0 0 192 37 199 21 0 0 0 0 56 2 0 0 0 0 0 0 0 0 0 0 0 0 0 0 0 0 0 0 0 0 0 0 0 0 0 0 0 0 0 0 0 0 0 0 0 0 0 0 0 0 0 0 0 0 0 0 0 0 0 0 0 0 0 0 0 0 0 0 0 0 0 0 77 68 79 32 101 120 116 114 97 32 100 97 116 97 32 108 111 99 107 0 0 0 0 0 0 0 0 0 0 0 0 0 0 0 0 0 0 0 0 0 0 0 0 0 0 0 0 0 0 0 0 0 0 0 0 0 0 0 0 0 0 0 0 0 0 0 0 0 0 0 0 0 0 0 0 0 0 0 0 0 0 0 0 0 0 0 0 0 0 0 0 0 0 0 0 0 0 0 0 0 0 0 0 0 0 0 0 0 0 0 0 0 0 0 0 0 0 0 0 0 0 0 0 0 0 0 0 0 0 0 0 0 0 0 0 0 0 1 0 0 225 107 0 0 1 0 0 0 0 0 0 0 0 0 0 0 2 0 0 0 0 0 7 0 2 0 0 0 240 0 0 0 255 255 255 255 5 0 1 0 0 0 0 0 data 30 0x10005 0x17 0x16504df0 0xd65 0x0 0x0 0x40005 0x17 0x165037c0 0xd65 0x0 0x0 0x70005 0x17 0x16503730 0xd65 0x0 0x0 0xb0005 0x17 0x16504df0 0xd65 0x0 0x0 0xe0005 0x17 0x16503730 0xd65 0x0 0x0 oops 5 2 java/lang/reflect/Method 8 java/lang/Class 14 java/lang/String 20 java/lang/reflect/Method 26 java/lang/String
ciMethodData sun/reflect/generics/scope/AbstractScope lookup (Ljava/lang/String;)Ljava/lang/reflect/TypeVariable; 2 3238 orig 264 56 157 191 107 0 0 0 0 144 168 1 22 0 0 0 0 200 2 0 0 48 0 0 0 0 0 0 0 0 0 0 0 0 0 0 0 0 0 0 0 0 0 0 0 0 0 0 0 0 0 0 0 0 0 0 0 0 0 0 0 0 0 0 0 0 0 0 0 0 0 0 0 0 0 0 0 0 0 0 0 77 68 79 32 101 120 116 114 97 32 100 97 116 97 32 108 111 99 107 0 0 0 0 0 0 0 0 0 0 0 0 0 0 0 0 0 0 0 0 0 0 0 0 0 0 0 0 0 0 0 0 0 0 0 0 0 0 0 0 0 0 0 0 0 0 0 0 0 0 0 0 0 0 0 0 0 0 0 0 0 0 0 0 0 0 0 0 0 0 0 0 0 0 0 0 0 0 0 0 0 0 0 0 0 0 0 0 0 0 0 0 0 0 0 0 0 0 0 0 0 0 0 0 0 0 0 0 0 0 0 0 0 0 0 0 0 133 1 0 0 9 89 0 0 17 17 0 0 0 0 0 0 0 0 0 0 2 0 0 0 1 0 12 0 2 0 0 0 120 1 0 0 255 255 255 255 5 0 1 0 0 0 0 0 data 47 0x10005 0x0 0x1efce540 0x617 0x1efd17f0 0x50a 0x40005 0x0 0x16504df0 0x617 0x165037c0 0x50a 0x170007 0x50a 0xb8 0x839 0x220005 0x0 0x189c2070 0x839 0x0 0x0 0x280005 0xf 0x16503730 0x82a 0x0 0x0 0x2b0007 0x222 0x20 0x617 0x340003 0x222 0xffffffffffffff60 0x380005 0x0 0x1efce540 0x50a 0x0 0x0 0x3c0005 0x0 0x1efd17f0 0x50a 0x0 0x0 oops 8 2 sun/reflect/generics/scope/MethodScope 4 sun/reflect/generics/scope/ClassScope 8 java/lang/reflect/Method 10 java/lang/Class 18 sun/reflect/generics/reflectiveObjects/TypeVariableImpl 24 java/lang/String 37 sun/reflect/generics/scope/MethodScope 43 sun/reflect/generics/scope/ClassScope
ciMethodData sun/reflect/generics/scope/AbstractScope getEnclosingScope ()Lsun/reflect/generics/scope/Scope; 2 1438 orig 264 56 157 191 107 0 0 0 0 184 167 1 22 0 0 0 0 152 1 0 0 0 0 0 0 0 0 0 0 0 0 0 0 0 0 0 0 0 0 0 0 0 0 0 0 0 0 0 0 0 0 0 0 0 0 0 0 0 0 0 0 0 0 0 0 0 0 0 0 0 0 0 0 0 0 0 0 0 0 0 0 77 68 79 32 101 120 116 114 97 32 100 97 116 97 32 108 111 99 107 0 0 0 0 0 0 0 0 0 0 0 0 0 0 0 0 0 0 0 0 0 0 0 0 0 0 0 0 0 0 0 0 0 0 0 0 0 0 0 0 0 0 0 0 0 0 0 0 0 0 0 0 0 0 0 0 0 0 0 0 0 0 0 0 0 0 0 0 0 0 0 0 0 0 0 0 0 0 0 0 0 0 0 0 0 0 0 0 0 0 0 0 0 0 0 0 0 0 0 0 0 0 0 0 0 0 0 0 0 0 0 0 0 0 0 0 0 153 0 0 0 41 40 0 0 1 0 0 0 0 0 0 0 0 0 0 0 2 0 0 0 0 0 0 0 0 0 0 0 80 0 0 0 255 255 255 255 7 0 6 0 0 0 0 0 data 10 0x60007 0x231 0x50 0x2d4 0xa0005 0x0 0x1efce540 0x2d4 0x0 0x0 oops 1 6 sun/reflect/generics/scope/MethodScope
ciMethodData org/gradle/model/internal/type/ModelType wrap (Ljava/lang/reflect/Type;)Lorg/gradle/model/internal/type/TypeWrapper; 2 14351 orig 264 56 157 191 107 0 0 0 0 8 201 124 30 0 0 0 0 200 7 0 0 144 5 0 0 0 0 0 0 0 0 0 0 0 0 0 0 0 0 0 0 0 0 0 0 0 0 0 0 0 0 0 0 0 0 0 0 0 0 0 0 0 0 0 0 0 0 0 0 0 0 0 0 0 0 0 0 0 0 0 0 77 68 79 32 101 120 116 114 97 32 100 97 116 97 32 108 111 99 107 0 0 0 0 0 0 0 0 0 0 0 0 0 0 0 0 0 0 0 0 0 0 0 0 0 0 0 0 0 0 0 0 0 0 0 0 0 0 0 0 0 0 0 0 0 0 0 0 0 0 0 0 0 0 0 0 0 0 0 0 0 0 0 0 0 0 0 0 0 0 0 0 0 0 0 0 0 0 0 0 0 0 0 0 0 0 0 0 0 0 0 0 0 0 0 0 0 0 0 0 0 0 0 0 0 0 0 0 0 0 0 0 0 0 0 0 0 3 1 0 0 97 184 1 0 1 0 0 0 0 0 0 0 0 0 0 0 2 0 0 0 0 0 20 0 2 0 0 0 128 6 0 0 255 255 255 255 7 0 1 0 0 0 0 0 data 208 0x10007 0x32fd 0x20 0x40f 0x70004 0xfffffffffffff27a 0x165037c0 0x2577 0x0 0x0 0xa0007 0xd86 0x60 0x2577 0x120004 0x0 0x165037c0 0x2577 0x0 0x0 0x150002 0x2577 0x1a0004 0xfffffffffffff699 0x189c1e60 0x41f 0x0 0x0 0x1d0007 0x967 0x150 0x41f 0x210004 0x0 0x189c1e60 0x41f 0x0 0x0 0x2a0005 0x0 0x189c1e60 0x41f 0x0 0x0 0x2f0002 0x41f 0x330005 0x0 0x189c1e60 0x41f 0x0 0x0 0x380002 0x41f 0x3b0004 0x0 0x189c1f10 0x41f 0x0 0x0 0x3f0005 0x0 0x189c1e60 0x41f 0x0 0x0 0x440002 0x41f 0x470002 0x41f 0x4c0004 0xfffffffffffff942 0x189c1fc0 0x2a9 0x0 0x0 0x4f0007 0x6be 0x110 0x2a9 0x530004 0x0 0x189c1fc0 0x2a9 0x0 0x0 0x5c0005 0x0 0x189c1fc0 0x2a9 0x0 0x0 0x610002 0x2a9 0x650005 0x0 0x189c1fc0 0x2a9 0x0 0x0 0x6a0002 0x2a9 0x6e0005 0x0 0x189c1fc0 0x2a9 0x0 0x0 0x710002 0x2a9 0x760004 0xffffffffffffffb6 0x189c2070 0x674 0x0 0x0 0x790007 0x4a 0x100 0x674 0x7d0004 0x0 0x189c2070 0x674 0x0 0x0 0x860005 0x0 0x189c2070 0x674 0x0 0x0 0x8c0005 0x0 0x189c2070 0x674 0x0 0x0 0x910002 0x674 0x950005 0x0 0x189c2070 0x674 0x0 0x0 0x980002 0x674 0x9d0004 0x0 0x189c2120 0x4a 0x0 0x0 0xa00007 0x0 0xd0 0x4a 0xa40004 0x0 0x189c2120 0x4a 0x0 0x0 0xad0005 0x0 0x189c2120 0x4a 0x0 0x0 0xb20002 0x4a 0xb60005 0x0 0x189c2120 0x4a 0x0 0x0 0xb90002 0x4a 0xc50002 0x0 0xca0005 0x0 0x0 0x0 0x0 0x0 0xce0005 0x0 0x0 0x0 0x0 0x0 0xd10005 0x0 0x0 0x0 0x0 0x0 0xd40005 0x0 0x0 0x0 0x0 0x0 0xd70002 0x0 oops 22 6 java/lang/Class 16 java/lang/Class 24 sun/reflect/generics/reflectiveObjects/ParameterizedTypeImpl 34 sun/reflect/generics/reflectiveObjects/ParameterizedTypeImpl 40 sun/reflect/generics/reflectiveObjects/ParameterizedTypeImpl 48 sun/reflect/generics/reflectiveObjects/ParameterizedTypeImpl 56 org/gradle/model/internal/type/ClassTypeWrapper 62 sun/reflect/generics/reflectiveObjects/ParameterizedTypeImpl 72 sun/reflect/generics/reflectiveObjects/WildcardTypeImpl 82 sun/reflect/generics/reflectiveObjects/WildcardTypeImpl 88 sun/reflect/generics/reflectiveObjects/WildcardTypeImpl 96 sun/reflect/generics/reflectiveObjects/WildcardTypeImpl 104 sun/reflect/generics/reflectiveObjects/WildcardTypeImpl 112 sun/reflect/generics/reflectiveObjects/TypeVariableImpl 122 sun/reflect/generics/reflectiveObjects/TypeVariableImpl 128 sun/reflect/generics/reflectiveObjects/TypeVariableImpl 134 sun/reflect/generics/reflectiveObjects/TypeVariableImpl 142 sun/reflect/generics/reflectiveObjects/TypeVariableImpl 150 sun/reflect/generics/reflectiveObjects/GenericArrayTypeImpl 160 sun/reflect/generics/reflectiveObjects/GenericArrayTypeImpl 166 sun/reflect/generics/reflectiveObjects/GenericArrayTypeImpl 174 sun/reflect/generics/reflectiveObjects/GenericArrayTypeImpl
ciMethodData org/gradle/model/internal/type/ClassTypeWrapper <init> (Ljava/lang/Class;)V 2 9834 orig 264 56 157 191 107 0 0 0 0 80 233 124 30 0 0 0 0 160 1 0 0 0 0 0 0 0 0 0 0 0 0 0 0 0 0 0 0 0 0 0 0 0 0 0 0 0 0 0 0 0 0 0 0 0 0 0 0 0 0 0 0 0 0 0 0 0 0 0 0 0 0 0 0 0 0 0 0 0 0 0 0 77 68 79 32 101 120 116 114 97 32 100 97 116 97 32 108 111 99 107 0 0 0 0 0 0 0 0 0 0 0 0 0 0 0 0 0 0 0 0 0 0 0 0 0 0 0 0 0 0 0 0 0 0 0 0 0 0 0 0 0 0 0 0 0 0 0 0 0 0 0 0 0 0 0 0 0 0 0 0 0 0 0 0 0 0 0 0 0 0 0 0 0 0 0 0 0 0 0 0 0 0 0 0 0 0 0 0 0 0 0 0 0 0 0 0 0 0 0 0 0 0 0 0 0 0 0 0 0 0 0 0 0 0 0 0 0 243 0 0 0 185 43 1 0 1 0 0 0 0 0 0 0 0 0 0 0 2 0 0 0 0 0 0 0 0 0 0 0 80 0 0 0 255 255 255 255 2 0 1 0 0 0 0 0 data 10 0x10002 0x2577 0xa0002 0x2577 0x120005 0x0 0x165037c0 0x2577 0x0 0x0 oops 1 6 java/lang/Class
ciMethodData org/gradle/model/internal/type/ModelType toWrappers ([Ljava/lang/reflect/Type;)[Lorg/gradle/model/internal/type/TypeWrapper; 2 4081 orig 264 56 157 191 107 0 0 0 0 72 202 124 30 0 0 0 0 224 1 0 0 0 0 0 0 0 0 0 0 0 0 0 0 0 0 0 0 0 0 0 0 0 0 0 0 0 0 0 0 0 0 0 0 0 0 0 0 0 0 0 0 0 0 0 0 0 0 0 0 0 0 0 0 0 0 0 0 0 0 0 0 77 68 79 32 101 120 116 114 97 32 100 97 116 97 32 108 111 99 107 0 0 0 0 0 0 0 0 0 0 0 0 0 0 0 0 0 0 0 0 0 0 0 0 0 0 0 0 0 0 0 0 0 0 0 0 0 0 0 0 0 0 0 0 0 0 0 0 0 0 0 0 0 0 0 0 0 0 0 0 0 0 0 0 0 0 0 0 0 0 0 0 0 0 0 0 0 0 0 0 0 0 0 0 0 0 0 0 0 0 0 0 0 0 0 0 0 0 0 0 0 0 0 0 0 0 0 0 0 0 0 0 0 0 0 0 0 12 0 0 0 41 127 0 0 145 126 0 0 0 0 0 0 0 0 0 0 2 0 0 0 1 0 8 0 2 0 0 0 152 0 0 0 255 255 255 255 7 0 2 0 0 0 0 0 data 19 0x20007 0xebc 0x20 0x129 0x1e0007 0xebc 0x78 0xfd2 0x2e0002 0xfd2 0x310004 0x0 0x189c1f10 0x953 0x189c6390 0x2a9 0x350003 0xfd2 0xffffffffffffffa0 oops 2 12 org/gradle/model/internal/type/ClassTypeWrapper 14 org/gradle/model/internal/type/WildcardTypeWrapper
ciMethodData org/gradle/model/internal/type/ParameterizedTypeWrapper <init> ([Lorg/gradle/model/internal/type/TypeWrapper;Lorg/gradle/model/internal/type/ClassTypeWrapper;Lorg/gradle/model/internal/type/TypeWrapper;)V 2 1063 orig 264 56 157 191 107 0 0 0 0 128 199 144 30 0 0 0 0 88 1 0 0 0 0 0 0 0 0 0 0 0 0 0 0 0 0 0 0 0 0 0 0 0 0 0 0 0 0 0 0 0 0 0 0 0 0 0 0 0 0 0 0 0 0 0 0 0 0 0 0 0 0 0 0 0 0 0 0 0 0 0 0 77 68 79 32 101 120 116 114 97 32 100 97 116 97 32 108 111 99 107 0 0 0 0 0 0 0 0 0 0 0 0 0 0 0 0 0 0 0 0 0 0 0 0 0 0 0 0 0 0 0 0 0 0 0 0 0 0 0 0 0 0 0 0 0 0 0 0 0 0 0 0 0 0 0 0 0 0 0 0 0 0 0 0 0 0 0 0 0 0 0 0 0 0 0 0 0 0 0 0 0 0 0 0 0 0 0 0 0 0 0 0 0 0 0 0 0 0 0 0 0 0 0 0 0 0 0 0 0 0 0 0 0 0 0 0 0 8 0 0 0 249 32 0 0 1 0 0 0 0 0 0 0 0 0 0 0 2 0 0 0 0 0 0 0 0 0 0 0 32 0 0 0 255 255 255 255 2 0 1 0 0 0 0 0 data 4 0x10002 0x41f 0x180002 0x41f oops 0
ciMethodData org/gradle/model/internal/type/ParameterizedTypeWrapper hashCode ([Lorg/gradle/model/internal/type/TypeWrapper;Lorg/gradle/model/internal/type/ClassTypeWrapper;Lorg/gradle/model/internal/type/TypeWrapper;)I 2 1341 orig 264 56 157 191 107 0 0 0 0 224 200 144 30 0 0 0 0 72 2 0 0 0 0 0 0 0 0 0 0 0 0 0 0 0 0 0 0 0 0 0 0 0 0 0 0 0 0 0 0 0 0 0 0 0 0 0 0 0 0 0 0 0 0 0 0 0 0 0 0 0 0 0 0 0 0 0 0 0 0 0 0 77 68 79 32 101 120 116 114 97 32 100 97 116 97 32 108 111 99 107 0 0 0 0 0 0 0 0 0 0 0 0 0 0 0 0 0 0 0 0 0 0 0 0 0 0 0 0 0 0 0 0 0 0 0 0 0 0 0 0 0 0 0 0 0 0 0 0 0 0 0 0 0 0 0 0 0 0 0 0 0 0 0 0 0 0 0 0 0 0 0 0 0 0 0 0 0 0 0 0 0 0 0 0 0 0 0 0 0 0 0 0 0 0 0 0 0 0 0 0 0 0 0 0 0 0 0 0 0 0 0 0 0 0 0 0 0 8 0 0 0 249 32 0 0 169 41 0 0 0 0 0 0 0 0 0 0 2 0 0 0 1 0 9 0 2 0 0 0 232 0 0 0 255 255 255 255 5 0 1 0 0 0 0 0 data 29 0x10005 0x0 0x189c1f10 0x41f 0x0 0x0 0x150007 0x41f 0x68 0x535 0x230005 0x18d 0x189c1f10 0xff 0x189c6390 0x2a9 0x2c0003 0x535 0xffffffffffffffb0 0x300007 0x40f 0x50 0x10 0x360005 0x0 0x189c1f10 0x10 0x0 0x0 oops 4 2 org/gradle/model/internal/type/ClassTypeWrapper 12 org/gradle/model/internal/type/ClassTypeWrapper 14 org/gradle/model/internal/type/WildcardTypeWrapper 25 org/gradle/model/internal/type/ClassTypeWrapper
ciMethodData org/gradle/model/internal/type/WildcardTypeWrapper <init> ([Lorg/gradle/model/internal/type/TypeWrapper;[Lorg/gradle/model/internal/type/TypeWrapper;I)V 1 683 orig 264 56 157 191 107 0 0 0 0 144 227 144 30 0 0 0 0 72 1 0 0 0 0 0 0 0 0 0 0 0 0 0 0 0 0 0 0 0 0 0 0 0 0 0 0 0 0 0 0 0 0 0 0 0 0 0 0 0 0 0 0 0 0 0 0 0 0 0 0 0 0 0 0 0 0 0 0 0 0 0 0 77 68 79 32 101 120 116 114 97 32 100 97 116 97 32 108 111 99 107 0 0 0 0 0 0 0 0 0 0 0 0 0 0 0 0 0 0 0 0 0 0 0 0 0 0 0 0 0 0 0 0 0 0 0 0 0 0 0 0 0 0 0 0 0 0 0 0 0 0 0 0 0 0 0 0 0 0 0 0 0 0 0 0 0 0 0 0 0 0 0 0 0 0 0 0 0 0 0 0 0 0 0 0 0 0 0 0 0 0 0 0 0 0 0 0 0 0 0 0 0 0 0 0 0 0 0 0 0 0 0 0 0 0 0 0 0 2 0 0 0 73 21 0 0 1 0 0 0 0 0 0 0 0 0 0 0 2 0 0 0 0 0 0 0 0 0 0 0 16 0 0 0 255 255 255 255 2 0 1 0 0 0 0 0 data 2 0x10002 0x2a9 oops 0
ciMethodData org/gradle/model/internal/type/TypeVariableTypeWrapper <init> (Ljava/lang/String;[Lorg/gradle/model/internal/type/TypeWrapper;I)V 2 1654 orig 264 56 157 191 107 0 0 0 0 8 176 253 32 0 0 0 0 72 1 0 0 0 0 0 0 0 0 0 0 0 0 0 0 0 0 0 0 0 0 0 0 0 0 0 0 0 0 0 0 0 0 0 0 0 0 0 0 0 0 0 0 0 0 0 0 0 0 0 0 0 0 0 0 0 0 0 0 0 0 0 0 77 68 79 32 101 120 116 114 97 32 100 97 116 97 32 108 111 99 107 0 0 0 0 0 0 0 0 0 0 0 0 0 0 0 0 0 0 0 0 0 0 0 0 0 0 0 0 0 0 0 0 0 0 0 0 0 0 0 0 0 0 0 0 0 0 0 0 0 0 0 0 0 0 0 0 0 0 0 0 0 0 0 0 0 0 0 0 0 0 0 0 0 0 0 0 0 0 0 0 0 0 0 0 0 0 0 0 0 0 0 0 0 0 0 0 0 0 0 0 0 0 0 0 0 0 0 0 0 0 0 0 0 0 0 0 0 2 0 0 0 161 51 0 0 1 0 0 0 0 0 0 0 0 0 0 0 2 0 0 0 0 0 0 0 0 0 0 0 16 0 0 0 255 255 255 255 2 0 1 0 0 0 0 0 data 2 0x10002 0x674 oops 0
ciMethod org/gradle/model/internal/type/GenericArrayTypeWrapper <init> (Lorg/gradle/model/internal/type/TypeWrapper;I)V 593 1 74 0 0
ciMethodData sun/reflect/generics/tree/TypeVariableSignature accept (Lsun/reflect/generics/visitor/TypeTreeVisitor;)V 2 1800 orig 264 56 157 191 107 0 0 0 0 200 115 18 22 0 0 0 0 128 1 0 0 0 0 0 0 0 0 0 0 0 0 0 0 0 0 0 0 0 0 0 0 0 0 0 0 0 0 0 0 0 0 0 0 0 0 0 0 0 0 0 0 0 0 0 0 0 0 0 0 0 0 0 0 0 0 0 0 0 0 0 0 77 68 79 32 101 120 116 114 97 32 100 97 116 97 32 108 111 99 107 0 0 0 0 0 0 0 0 0 0 0 0 0 0 0 0 0 0 0 0 0 0 0 0 0 0 0 0 0 0 0 0 0 0 0 0 0 0 0 0 0 0 0 0 0 0 0 0 0 0 0 0 0 0 0 0 0 0 0 0 0 0 0 0 0 0 0 0 0 0 0 0 0 0 0 0 0 0 0 0 0 0 0 0 0 0 0 0 0 0 0 0 0 0 0 0 0 0 0 0 0 0 0 0 0 0 0 0 0 0 0 0 0 0 0 0 0 0 2 0 0 65 40 0 0 1 0 0 0 0 0 0 0 0 0 0 0 2 0 0 0 0 0 3 0 2 0 0 0 48 0 0 0 255 255 255 255 5 0 2 0 0 0 0 0 data 6 0x20005 0x0 0x1f7bfca0 0x508 0x0 0x0 oops 1 2 sun/reflect/generics/visitor/Reifier
ciMethodData sun/reflect/generics/visitor/Reifier visitTypeVariableSignature (Lsun/reflect/generics/tree/TypeVariableSignature;)V 2 1800 orig 264 56 157 191 107 0 0 0 0 112 104 2 22 0 0 0 0 192 1 0 0 0 0 0 0 0 0 0 0 0 0 0 0 0 0 0 0 0 0 0 0 0 0 0 0 0 0 0 0 0 0 0 0 0 0 0 0 0 0 0 0 0 0 0 0 0 0 0 0 0 0 0 0 0 0 0 0 0 0 0 0 77 68 79 32 101 120 116 114 97 32 100 97 116 97 32 108 111 99 107 0 0 0 0 0 0 0 0 0 0 0 0 0 0 0 0 0 0 0 0 0 0 0 0 0 0 0 0 0 0 0 0 0 0 0 0 0 0 0 0 0 0 0 0 0 0 0 0 0 0 0 0 0 0 0 0 0 0 0 0 0 0 0 0 0 0 0 0 0 0 0 0 0 0 0 0 0 0 0 0 0 0 0 0 0 0 0 0 0 0 0 0 0 0 0 0 0 0 0 0 0 0 0 0 0 0 0 0 0 0 0 0 0 0 0 0 0 0 2 0 0 65 40 0 0 1 0 0 0 0 0 0 0 0 0 0 0 2 0 0 0 0 0 3 0 2 0 0 0 112 0 0 0 255 255 255 255 2 0 2 0 0 0 0 0 data 14 0x20002 0x508 0x60005 0x0 0x1f7c0b90 0x508 0x0 0x0 0x90005 0x0 0x1eb8e860 0x508 0x0 0x0 oops 2 4 sun/reflect/generics/tree/TypeVariableSignature 10 sun/reflect/generics/factory/CoreReflectionFactory
ciMethodData sun/reflect/generics/factory/CoreReflectionFactory findTypeVariable (Ljava/lang/String;)Ljava/lang/reflect/TypeVariable; 2 1800 orig 264 56 157 191 107 0 0 0 0 96 194 1 22 0 0 0 0 144 1 0 0 0 0 0 0 0 0 0 0 0 0 0 0 0 0 0 0 0 0 0 0 0 0 0 0 0 0 0 0 0 0 0 0 0 0 0 0 0 0 0 0 0 0 0 0 0 0 0 0 0 0 0 0 0 0 0 0 0 0 0 0 77 68 79 32 101 120 116 114 97 32 100 97 116 97 32 108 111 99 107 0 0 0 0 0 0 0 0 0 0 0 0 0 0 0 0 0 0 0 0 0 0 0 0 0 0 0 0 0 0 0 0 0 0 0 0 0 0 0 0 0 0 0 0 0 0 0 0 0 0 0 0 0 0 0 0 0 0 0 0 0 0 0 0 0 0 0 0 0 0 0 0 0 0 0 0 0 0 0 0 0 0 0 0 0 0 0 0 0 0 0 0 0 0 0 0 0 0 0 0 0 0 0 0 0 0 0 0 0 0 0 0 0 0 0 0 0 0 2 0 0 65 40 0 0 1 0 0 0 0 0 0 0 0 0 0 0 2 0 0 0 0 0 3 0 2 0 0 0 64 0 0 0 255 255 255 255 2 0 1 0 0 0 0 0 data 8 0x10002 0x508 0x50005 0x0 0x1efce540 0x508 0x0 0x0 oops 1 4 sun/reflect/generics/scope/MethodScope
ciMethodData sun/reflect/generics/reflectiveObjects/TypeVariableImpl getBounds ()[Ljava/lang/reflect/Type; 2 1692 orig 264 56 157 191 107 0 0 0 0 56 183 2 22 0 0 0 0 208 2 0 0 32 0 0 0 0 0 0 0 0 0 0 0 0 0 0 0 0 0 0 0 0 0 0 0 0 0 0 0 0 0 0 0 0 0 0 0 0 0 0 0 0 0 0 0 0 0 0 0 0 0 0 0 0 0 0 0 0 0 0 0 77 68 79 32 101 120 116 114 97 32 100 97 116 97 32 108 111 99 107 0 0 0 0 0 0 0 0 0 0 0 0 0 0 0 0 0 0 0 0 0 0 0 0 0 0 0 0 0 0 0 0 0 0 0 0 0 0 0 0 0 0 0 0 0 0 0 0 0 0 0 0 0 0 0 0 0 0 0 0 0 0 0 0 0 0 0 0 0 0 0 0 0 0 0 0 0 0 0 0 0 0 0 0 0 0 0 0 0 0 0 0 0 0 0 0 0 0 0 0 0 0 0 0 0 0 0 0 0 0 0 0 0 0 0 0 0 148 1 0 0 65 40 0 0 33 3 0 0 0 0 0 0 0 0 0 0 2 0 0 0 1 0 13 0 2 0 0 0 136 1 0 0 255 255 255 255 7 0 4 0 0 0 0 0 data 49 0x40007 0x4a4 0x128 0x64 0x80002 0x64 0x170007 0x64 0xf8 0x64 0x1b0005 0x0 0x189c2070 0x64 0x0 0x0 0x250005 0x0 0x19d1e710 0x46 0x1f7c0b90 0x1e 0x2e0005 0x0 0x1f7bfca0 0x64 0x0 0x0 0x310004 0x0 0x165037c0 0x46 0x189c2070 0x1e 0x350003 0x64 0xffffffffffffff20 0x410005 0x0 0x189c5e00 0x508 0x0 0x0 0x440004 0x0 0x189c5e00 0x508 0x0 0x0 oops 8 12 sun/reflect/generics/reflectiveObjects/TypeVariableImpl 18 sun/reflect/generics/tree/ClassTypeSignature 20 sun/reflect/generics/tree/TypeVariableSignature 24 sun/reflect/generics/visitor/Reifier 30 java/lang/Class 32 sun/reflect/generics/reflectiveObjects/TypeVariableImpl 39 [Ljava/lang/reflect/Type; 45 [Ljava/lang/reflect/Type;
ciMethodData sun/reflect/generics/reflectiveObjects/TypeVariableImpl getBoundASTs ()[Lsun/reflect/generics/tree/FieldTypeSignature; 1 187 orig 264 56 157 191 107 0 0 0 0 128 181 2 22 0 0 0 0 112 1 0 0 0 0 0 0 0 0 0 0 0 0 0 0 0 0 0 0 0 0 0 0 0 0 0 0 0 0 0 0 0 0 0 0 0 0 0 0 0 0 0 0 0 0 0 0 0 0 0 0 0 0 0 0 0 0 0 0 0 0 0 0 77 68 79 32 101 120 116 114 97 32 100 97 116 97 32 108 111 99 107 0 0 0 0 0 0 0 0 0 0 0 0 0 0 0 0 0 0 0 0 0 0 0 0 0 0 0 0 0 0 0 0 0 0 0 0 0 0 0 0 0 0 0 0 0 0 0 0 0 0 0 0 0 0 0 0 0 0 0 0 0 0 0 0 0 0 0 0 0 0 0 0 0 0 0 0 0 0 0 0 0 0 0 0 0 0 0 0 0 0 0 0 0 0 0 0 0 0 0 0 0 0 0 0 0 0 0 0 0 0 0 0 0 0 0 0 0 87 0 0 0 33 3 0 0 1 0 0 0 0 0 0 0 0 0 0 0 2 0 0 0 0 0 0 0 0 0 0 0 80 0 0 0 255 255 255 255 7 0 3 0 0 0 0 0 data 10 0x30007 0x64 0x50 0x0 0xa0007 0x0 0x30 0x0 0x110002 0x0 oops 0
ciMethodData sun/reflect/generics/scope/MethodScope computeEnclosingScope ()Lsun/reflect/generics/scope/Scope; 1 845 orig 264 56 157 191 107 0 0 0 0 16 160 1 22 0 0 0 0 104 1 0 0 0 0 0 0 0 0 0 0 0 0 0 0 0 0 0 0 0 0 0 0 0 0 0 0 0 0 0 0 0 0 0 0 0 0 0 0 0 0 0 0 0 0 0 0 0 0 0 0 0 0 0 0 0 0 0 0 0 0 0 0 77 68 79 32 101 120 116 114 97 32 100 97 116 97 32 108 111 99 107 0 0 0 0 0 0 0 0 0 0 0 0 0 0 0 0 0 0 0 0 0 0 0 0 0 0 0 0 0 0 0 0 0 0 0 0 0 0 0 0 0 0 0 0 0 0 0 0 0 0 0 0 0 0 0 0 0 0 0 0 0 0 0 0 0 0 0 0 0 0 0 0 0 0 0 0 0 0 0 0 0 0 0 0 0 0 0 0 0 0 0 0 0 0 0 0 0 0 0 0 0 0 0 0 0 0 0 0 0 0 0 0 0 0 0 0 0 130 1 0 0 89 14 0 0 1 0 0 0 0 0 0 0 0 0 0 0 2 0 0 0 0 0 3 0 2 0 0 0 32 0 0 0 255 255 255 255 2 0 1 0 0 0 0 0 data 4 0x10002 0x1cb 0x40002 0x1cb oops 0
ciMethodData sun/reflect/generics/scope/MethodScope getEnclosingClass ()Ljava/lang/Class; 1 845 orig 264 56 157 191 107 0 0 0 0 120 159 1 22 0 0 0 0 216 1 0 0 0 0 0 0 0 0 0 0 0 0 0 0 0 0 0 0 0 0 0 0 0 0 0 0 0 0 0 0 0 0 0 0 0 0 0 0 0 0 0 0 0 0 0 0 0 0 0 0 0 0 0 0 0 0 0 0 0 0 0 0 77 68 79 32 101 120 116 114 97 32 100 97 116 97 32 108 111 99 107 0 0 0 0 0 0 0 0 0 0 0 0 0 0 0 0 0 0 0 0 0 0 0 0 0 0 0 0 0 0 0 0 0 0 0 0 0 0 0 0 0 0 0 0 0 0 0 0 0 0 0 0 0 0 0 0 0 0 0 0 0 0 0 0 0 0 0 0 0 0 0 0 0 0 0 0 0 0 0 0 0 0 0 0 0 0 0 0 0 0 0 0 0 0 0 0 0 0 0 0 0 0 0 0 0 0 0 0 0 0 0 0 0 0 0 0 0 130 1 0 0 89 14 0 0 1 0 0 0 0 0 0 0 0 0 0 0 2 0 0 0 0 0 0 0 0 0 0 0 144 0 0 0 255 255 255 255 5 0 1 0 0 0 0 0 data 18 0x10005 0x0 0x1efce540 0x1cb 0x0 0x0 0x40004 0x0 0x16504df0 0x1cb 0x0 0x0 0x70005 0x0 0x16504df0 0x1cb 0x0 0x0 oops 3 2 sun/reflect/generics/scope/MethodScope 8 java/lang/reflect/Method 14 java/lang/reflect/Method
ciMethodData sun/reflect/generics/reflectiveObjects/WildcardTypeImpl hashCode ()I 1 691 orig 264 56 157 191 107 0 0 0 0 160 112 120 30 0 0 0 0 200 1 0 0 0 0 0 0 0 0 0 0 0 0 0 0 0 0 0 0 0 0 0 0 0 0 0 0 0 0 0 0 0 0 0 0 0 0 0 0 0 0 0 0 0 0 0 0 0 0 0 0 0 0 0 0 0 0 0 0 0 0 0 0 77 68 79 32 101 120 116 114 97 32 100 97 116 97 32 108 111 99 107 0 0 0 0 0 0 0 0 0 0 0 0 0 0 0 0 0 0 0 0 0 0 0 0 0 0 0 0 0 0 0 0 0 0 0 0 0 0 0 0 0 0 0 0 0 0 0 0 0 0 0 0 0 0 0 0 0 0 0 0 0 0 0 0 0 0 0 0 0 0 0 0 0 0 0 0 0 0 0 0 0 0 0 0 0 0 0 0 0 0 0 0 0 0 0 0 0 0 0 0 0 0 0 0 0 0 0 0 0 0 0 0 0 0 0 0 0 128 1 0 0 145 9 0 0 1 0 0 0 0 0 0 0 0 0 0 0 2 0 0 0 0 0 3 0 2 0 0 0 128 0 0 0 255 255 255 255 5 0 1 0 0 0 0 0 data 16 0x10005 0x0 0x189c1fc0 0x132 0x0 0x0 0x60005 0x0 0x189c1fc0 0x132 0x0 0x0 0xb0002 0x132 0xf0002 0x132 oops 2 2 sun/reflect/generics/reflectiveObjects/WildcardTypeImpl 8 sun/reflect/generics/reflectiveObjects/WildcardTypeImpl
instanceKlass com/sun/org/apache/xerces/internal/impl/xs/opti/DefaultNode
instanceKlass com/sun/org/apache/xerces/internal/impl/xpath/regex/Token
instanceKlass java/util/ResourceBundle$Control$1
instanceKlass com/sun/org/apache/xerces/internal/utils/SecuritySupport$7
instanceKlass com/sun/org/apache/xerces/internal/impl/xpath/regex/RegexParser
instanceKlass com/sun/org/apache/xerces/internal/impl/xpath/regex/REUtil
instanceKlass com/sun/org/apache/xerces/internal/impl/xpath/regex/RegularExpression
instanceKlass com/sun/org/apache/xerces/internal/impl/dv/xs/DecimalDV$XDecimal
instanceKlass com/sun/org/apache/xerces/internal/xs/datatypes/XSDecimal
instanceKlass com/sun/org/apache/xerces/internal/impl/dv/ValidatedInfo
instanceKlass com/sun/org/apache/xerces/internal/impl/dv/XSFacets
instanceKlass com/sun/org/apache/xerces/internal/impl/dv/xs/XSSimpleTypeDecl$4
instanceKlass com/sun/org/apache/xerces/internal/impl/dv/xs/XSSimpleTypeDecl$1
instanceKlass com/sun/org/apache/xerces/internal/impl/dv/xs/AbstractDateTimeDV$DateTimeData
instanceKlass com/sun/org/apache/xerces/internal/xs/datatypes/XSDateTime
instanceKlass javax/xml/datatype/DatatypeFactory
instanceKlass com/sun/org/apache/xerces/internal/impl/dv/xs/TypeValidator
instanceKlass com/sun/org/apache/xerces/internal/impl/dv/xs/XSSimpleTypeDecl
instanceKlass com/sun/org/apache/xerces/internal/impl/dv/XSSimpleType
instanceKlass com/sun/org/apache/xerces/internal/xs/XSSimpleTypeDefinition
instanceKlass com/sun/org/apache/xerces/internal/xs/XSTypeDefinition
instanceKlass com/sun/org/apache/xerces/internal/utils/SecuritySupport$3
instanceKlass com/sun/org/apache/xerces/internal/utils/SecuritySupport$2
instanceKlass com/sun/org/apache/xerces/internal/utils/SecuritySupport$1
instanceKlass com/sun/org/apache/xerces/internal/utils/ObjectFactory
instanceKlass com/sun/org/apache/xerces/internal/impl/dv/SchemaDVFactory
instanceKlass com/sun/org/apache/xerces/internal/util/XMLGrammarPoolImpl$Entry
instanceKlass com/sun/org/apache/xerces/internal/util/XMLGrammarPoolImpl
instanceKlass javax/xml/transform/stream/StreamSource
instanceKlass com/android/repository/impl/meta/SchemaModuleUtil$1
instanceKlass com/sun/org/apache/xerces/internal/jaxp/validation/XMLSchemaFactory$XMLGrammarPoolWrapper
instanceKlass com/sun/org/apache/xerces/internal/xni/grammars/XMLGrammarPool
instanceKlass com/sun/org/apache/xerces/internal/util/DOMEntityResolverWrapper
instanceKlass com/sun/org/apache/xerces/internal/jaxp/validation/DraconianErrorHandler
instanceKlass com/sun/org/apache/xerces/internal/util/ErrorHandlerWrapper
instanceKlass com/sun/org/apache/xerces/internal/impl/xs/opti/SchemaDOMParser$BooleanStack
instanceKlass com/sun/org/apache/xerces/internal/impl/xs/opti/DefaultXMLDocumentHandler
instanceKlass com/sun/org/apache/xerces/internal/impl/xs/util/SimpleLocator
instanceKlass com/sun/org/apache/xerces/internal/util/SymbolHash$Entry
instanceKlass com/sun/org/apache/xerces/internal/util/SymbolHash
instanceKlass com/sun/org/apache/xerces/internal/impl/xs/traversers/XSDocumentInfo
instanceKlass com/sun/org/apache/xerces/internal/impl/xs/XSParticleDecl
instanceKlass com/sun/org/apache/xerces/internal/xs/XSParticle
instanceKlass com/sun/org/apache/xerces/internal/impl/xs/traversers/XSDHandler
instanceKlass com/sun/org/apache/xerces/internal/impl/xs/models/XSEmptyCM
instanceKlass com/sun/org/apache/xerces/internal/impl/xs/models/XSCMValidator
instanceKlass com/sun/org/apache/xerces/internal/impl/xs/models/CMBuilder
instanceKlass com/sun/org/apache/xerces/internal/impl/xs/SubstitutionGroupHandler$OneSubGroup
instanceKlass com/sun/org/apache/xerces/internal/impl/xs/XSElementDecl
instanceKlass com/sun/org/apache/xerces/internal/xs/XSElementDeclaration
instanceKlass com/sun/org/apache/xerces/internal/xs/XSTerm
instanceKlass com/sun/org/apache/xerces/internal/xs/XSObject
instanceKlass com/sun/org/apache/xerces/internal/impl/xs/SubstitutionGroupHandler
instanceKlass com/sun/org/apache/xerces/internal/impl/xs/XSGrammarBucket
instanceKlass com/sun/org/apache/xerces/internal/impl/xs/XSMessageFormatter
instanceKlass com/sun/org/apache/xerces/internal/util/DefaultErrorHandler
